#
# A fatal error has been detected by the Java Runtime Environment:
#
#  EXCEPTION_ACCESS_VIOLATION (0xc0000005) at pc=0x00007ffa69cd7db0, pid=572, tid=8668
#
# JRE version: OpenJDK Runtime Environment (11.0.10) (build 11.0.10+0-b96-7249189)
# Java VM: OpenJDK 64-Bit Server VM (11.0.10+0-b96-7249189, mixed mode, tiered, compressed oops, g1 gc, windows-amd64)
# Problematic frame:
# V  [jvm.dll+0x357db0]
#
# No core dump will be written. Minidumps are not enabled by default on client versions of Windows
#
# If you would like to submit a bug report, please visit:
#   https://bugreport.java.com/bugreport/crash.jsp
#

---------------  S U M M A R Y ------------

Command Line: --add-opens=java.base/java.util=ALL-UNNAMED --add-opens=java.base/java.lang=ALL-UNNAMED --add-opens=java.base/java.lang.invoke=ALL-UNNAMED --add-opens=java.base/java.util=ALL-UNNAMED --add-opens=java.prefs/java.util.prefs=ALL-UNNAMED --add-opens=java.prefs/java.util.prefs=ALL-UNNAMED --add-opens=java.base/java.nio.charset=ALL-UNNAMED --add-opens=java.base/java.net=ALL-UNNAMED --add-opens=java.base/java.util.concurrent.atomic=ALL-UNNAMED -Xmx2048m -Dfile.encoding=UTF-8 -Duser.country=US -Duser.language=en -Duser.variant org.gradle.launcher.daemon.bootstrap.GradleDaemon 7.3.2

Host: Intel(R) Core(TM) i7-4770K CPU @ 3.50GHz, 8 cores, 7G,  Windows 10 , 64 bit Build 19041 (10.0.19041.292)
Time: Thu Jan 13 23:39:36 2022 Iran Standard Time elapsed time: 31.919793 seconds (0d 0h 0m 31s)

---------------  T H R E A D  ---------------

Current thread (0x0000029ff52cd800):  JavaThread "C2 CompilerThread0" daemon [_thread_in_native, id=8668, stack(0x000000c1d1300000,0x000000c1d1400000)]


Current CompileTask:
C2:  31919 8256       4       org.objectweb.asm.ClassReader::readCode (5109 bytes)

Stack: [0x000000c1d1300000,0x000000c1d1400000],  sp=0x000000c1d13fbbf0,  free space=1006k
Native frames: (J=compiled Java code, j=interpreted, Vv=VM code, C=native code)
V  [jvm.dll+0x357db0]
V  [jvm.dll+0x351260]
V  [jvm.dll+0x198049]
V  [jvm.dll+0x1fb70e]
V  [jvm.dll+0x1fa7f4]
V  [jvm.dll+0x18354c]
V  [jvm.dll+0x208ee7]
V  [jvm.dll+0x207731]
V  [jvm.dll+0x6eb1cf]
V  [jvm.dll+0x6e3d45]
V  [jvm.dll+0x5ebe96]
C  [ucrtbase.dll+0x214c2]
C  [KERNEL32.DLL+0x16fd4]
C  [ntdll.dll+0x4cec1]


siginfo: EXCEPTION_ACCESS_VIOLATION (0xc0000005), reading address 0x00007ffa68377c38


Register to memory mapping:

RIP=0x00007ffa69cd7db0 jvm.dll
RAX=0x00007ffa68377c38 is an unknown value
RBX=0x00000000000000f0 is an unknown value
RCX=0x0000000000000002 is an unknown value
RDX=0x0 is NULL
RSP=0x000000c1d13fbbf0 is pointing into the stack for thread: 0x0000029ff52cd800
RBP=0x0000000000000008 is an unknown value
RSI=0x00007ffa6a377c38 jvm.dll
RDI=0x0000029ff5114400 points into unknown readable memory: 0x0000029ff529c500 | 00 c5 29 f5 9f 02 00 00
R8 =0x0000029ffb188660 points into unknown readable memory: 0x0000000000000000 | 00 00 00 00 00 00 00 00
R9 =0x000000c1d13fbc40 is pointing into the stack for thread: 0x0000029ff52cd800
R10=0x000000000000001e is an unknown value
R11=0x000000c1d13fbb50 is pointing into the stack for thread: 0x0000029ff52cd800
R12=0x00007ffa69980000 jvm.dll
R13=0x0000000000000008 is an unknown value
R14=0x0000000000000015 is an unknown value
R15=0x00007ffa6a377c38 jvm.dll


Registers:
RAX=0x00007ffa68377c38, RBX=0x00000000000000f0, RCX=0x0000000000000002, RDX=0x0000000000000000
RSP=0x000000c1d13fbbf0, RBP=0x0000000000000008, RSI=0x00007ffa6a377c38, RDI=0x0000029ff5114400
R8 =0x0000029ffb188660, R9 =0x000000c1d13fbc40, R10=0x000000000000001e, R11=0x000000c1d13fbb50
R12=0x00007ffa69980000, R13=0x0000000000000008, R14=0x0000000000000015, R15=0x00007ffa6a377c38
RIP=0x00007ffa69cd7db0, EFLAGS=0x0000000000010246

Top of Stack: (sp=0x000000c1d13fbbf0)
0x000000c1d13fbbf0:   0000000000000000 0000000000000000
0x000000c1d13fbc00:   0000029ff529c508 0000029ff5b17000
0x000000c1d13fbc10:   0000000000000dd5 00007ffa69cd1260
0x000000c1d13fbc20:   0000029f810654d0 000000c1d13fbd60
0x000000c1d13fbc30:   0000000000000dd5 00007ffa6a1acb70
0x000000c1d13fbc40:   00000dd900000000 0000029f00000007
0x000000c1d13fbc50:   00007ffa68377c38 000000000000000e
0x000000c1d13fbc60:   0000029ffb0e17b8 0000029f00000037
0x000000c1d13fbc70:   0000029f81065570 000000c1d13fc1e8
0x000000c1d13fbc80:   0000029ffba731b0 0000000000000000
0x000000c1d13fbc90:   000000c1d13fbda0 00007ffa69b18049
0x000000c1d13fbca0:   000000c1d13fc100 000000c1d13fc1e8
0x000000c1d13fbcb0:   00000000000003d8 0000029ffba731c0
0x000000c1d13fbcc0:   000000000000ee00 0000000000000000
0x000000c1d13fbcd0:   000000c100000006 0000029ffba731b0
0x000000c1d13fbce0:   0000029ffd490df0 0000029ffd497210 

Instructions: (pc=0x00007ffa69cd7db0)
0x00007ffa69cd7cb0:   58 4c 8b 64 24 50 48 8b c3 48 83 c4 20 41 5f 5f
0x00007ffa69cd7cc0:   5e 5d 5b c3 cc cc cc cc cc cc cc cc cc cc cc cc
0x00007ffa69cd7cd0:   83 3a 00 4c 8b c2 c7 41 08 08 00 00 00 75 16 33
0x00007ffa69cd7ce0:   d2 c7 41 18 01 00 00 00 89 11 48 8b c1 c7 41 28
0x00007ffa69cd7cf0:   01 00 00 00 c3 33 d2 48 89 11 89 51 18 41 8b 80
0x00007ffa69cd7d00:   90 00 00 00 89 41 28 48 89 51 10 49 8b 40 08 48
0x00007ffa69cd7d10:   89 41 20 48 8b c1 4c 89 41 30 c3 cc cc cc cc cc
0x00007ffa69cd7d20:   48 83 ec 28 8b 51 08 4c 8b c9 83 fa 08 73 18 4c
0x00007ffa69cd7d30:   8b 41 10 8b c2 41 83 3c 80 00 0f 85 0d 01 00 00
0x00007ffa69cd7d40:   ff c2 83 fa 08 72 ec 44 8b 51 18 48 89 5c 24 30
0x00007ffa69cd7d50:   48 89 6c 24 38 48 89 74 24 40 48 89 7c 24 20 44
0x00007ffa69cd7d60:   3b 51 28 0f 83 b9 00 00 00 8b 0d 0d ba 6d 00 48
0x00007ffa69cd7d70:   8d 35 c2 fe 69 00 65 48 8b 04 25 58 00 00 00 bd
0x00007ffa69cd7d80:   08 00 00 00 48 8d 3c c8 0f 1f 84 00 00 00 00 00
0x00007ffa69cd7d90:   41 8b c2 48 8d 1c c5 00 00 00 00 49 8b 41 20 48
0x00007ffa69cd7da0:   8b 04 03 48 3b c6 74 6d 49 89 41 10 33 d2 66 90
0x00007ffa69cd7db0:   83 38 00 0f 85 c3 00 00 00 ff c2 48 83 c0 04 83
0x00007ffa69cd7dc0:   fa 08 72 ec 4d 8b 59 30 4d 85 db 74 48 49 8b 43
0x00007ffa69cd7dd0:   08 8b d5 48 03 17 4c 8b 04 03 48 8b 02 48 8b 88
0x00007ffa69cd7de0:   d0 04 00 00 48 8b 81 88 00 00 00 48 8b 88 88 08
0x00007ffa69cd7df0:   00 00 49 89 08 48 8b 02 48 8b 88 d0 04 00 00 48
0x00007ffa69cd7e00:   8b 81 88 00 00 00 4c 89 80 88 08 00 00 49 8b 43
0x00007ffa69cd7e10:   08 48 89 34 03 41 ff c2 45 3b 51 28 0f 82 6e ff
0x00007ffa69cd7e20:   ff ff 41 8b 41 28 41 89 41 18 33 c0 41 c7 41 08
0x00007ffa69cd7e30:   08 00 00 00 48 8b 74 24 40 48 8b 6c 24 38 48 8b
0x00007ffa69cd7e40:   5c 24 30 48 8b 7c 24 20 48 83 c4 28 c3 8b 41 18
0x00007ffa69cd7e50:   8d 0c c2 8b c2 c1 e1 05 81 e9 00 01 00 00 41 89
0x00007ffa69cd7e60:   49 04 41 8b 0c 80 8d 42 01 41 89 09 49 8b c9 41
0x00007ffa69cd7e70:   89 41 08 48 83 c4 28 e9 a4 33 e4 ff 42 8d 04 d2
0x00007ffa69cd7e80:   c1 e0 05 41 89 41 04 49 8b 41 10 8b 0c 90 41 8d
0x00007ffa69cd7e90:   42 01 41 89 41 18 8d 42 01 41 89 09 49 8b c9 41
0x00007ffa69cd7ea0:   89 41 08 e8 78 33 e4 ff eb 8a cc cc cc cc cc cc 


Stack slot to memory mapping:
stack at sp + 0 slots: 0x0 is NULL
stack at sp + 1 slots: 0x0 is NULL
stack at sp + 2 slots: 0x0000029ff529c508 points into unknown readable memory: 0x0000029ff52cd800 | 00 d8 2c f5 9f 02 00 00
stack at sp + 3 slots: 0x0000029ff5b17000 points into unknown readable memory: 0x00000000001e0000 | 00 00 1e 00 00 00 00 00
stack at sp + 4 slots: 0x0000000000000dd5 is an unknown value
stack at sp + 5 slots: 0x00007ffa69cd1260 jvm.dll
stack at sp + 6 slots: 0x0000029f810654d0 points into unknown readable memory: 0x0000000000000001 | 01 00 00 00 00 00 00 00
stack at sp + 7 slots: 0x000000c1d13fbd60 is pointing into the stack for thread: 0x0000029ff52cd800


---------------  P R O C E S S  ---------------

Threads class SMR info:
_java_thread_list=0x0000029ff94d23c0, length=123, elements={
0x0000029fdae0f800, 0x0000029ff52ad000, 0x0000029ff52b7800, 0x0000029ff52c5800,
0x0000029ff52c7000, 0x0000029ff52c8000, 0x0000029ff52cd800, 0x0000029ff5b26800,
0x0000029ff5b27800, 0x0000029ff5ccb800, 0x0000029ff6eca000, 0x0000029ff6ec7800,
0x0000029ff6ec8800, 0x0000029ff6ec9800, 0x0000029ff6ec7000, 0x0000029ff6ec5000,
0x0000029ff6ecb000, 0x0000029ff6ecb800, 0x0000029ff6ec6000, 0x0000029ff774f800,
0x0000029ff7750800, 0x0000029ff774c800, 0x0000029ff7751800, 0x0000029ff774d000,
0x0000029ff774b800, 0x0000029ff7752000, 0x0000029ff7753000, 0x0000029ff7754000,
0x0000029ff774e000, 0x0000029ff7754800, 0x0000029ff774f000, 0x0000029ff7755800,
0x0000029ff775a800, 0x0000029ff7756000, 0x0000029ff7757000, 0x0000029ff7758000,
0x0000029ff7758800, 0x0000029ff7759800, 0x0000029ff8779000, 0x0000029ff8776800,
0x0000029ff8774000, 0x0000029ff8773000, 0x0000029ff8779800, 0x0000029ff877b000,
0x0000029ff877a800, 0x0000029ff877c000, 0x0000029ff877d000, 0x0000029ff8777000,
0x0000029ff877d800, 0x0000029ff8778000, 0x0000029ff877e800, 0x0000029ff8781000,
0x0000029ff877f800, 0x0000029ff8780000, 0x0000029ff8782000, 0x0000029ff6c95000,
0x0000029ff6c92800, 0x0000029ff6c93800, 0x0000029ff6c94800, 0x0000029ff6c96000,
0x0000029ff6c92000, 0x0000029ff6c90000, 0x0000029ff6c97000, 0x0000029ff6c91000,
0x0000029ff6c9b800, 0x0000029ff6c9c800, 0x0000029ff6c97800, 0x0000029ff6c9d800,
0x0000029ff6c9e000, 0x0000029ff6c98800, 0x0000029ff6c9f000, 0x0000029ff6c99000,
0x0000029ff6c9a000, 0x0000029ff6c9b000, 0x0000029ffb21d800, 0x0000029ffb21a000,
0x0000029ffb21c800, 0x0000029ffb218800, 0x0000029ffb21e800, 0x0000029ffb21c000,
0x0000029ffb21f000, 0x0000029ffb219800, 0x0000029ffb220800, 0x0000029ffb220000,
0x0000029ffb21b000, 0x0000029ffb227800, 0x0000029ffb226800, 0x0000029ffb224000,
0x0000029ffb225000, 0x0000029ffb225800, 0x0000029ffb222800, 0x0000029ffb221800,
0x0000029ffb223000, 0x0000029ff9856800, 0x0000029ff9855000, 0x0000029ff9857800,
0x0000029ff9856000, 0x0000029ff9853800, 0x0000029ff9859000, 0x0000029ff9858000,
0x0000029ff985a000, 0x0000029ff9854000, 0x0000029ff985a800, 0x0000029ff985d000,
0x0000029ff985e800, 0x0000029ff9860800, 0x0000029ff9861000, 0x0000029ff985b800,
0x0000029ff9862000, 0x0000029ff985c800, 0x0000029ff985e000, 0x0000029ff985f800,
0x0000029ffae34000, 0x0000029ffae39800, 0x0000029ffae3a800, 0x0000029ffae35000,
0x0000029ffae3b800, 0x0000029ffae35800, 0x0000029ffae3c000, 0x0000029ffae36800,
0x0000029ffae3d000, 0x0000029ff90d3000, 0x0000029ff5e11000
}

Java Threads: ( => current thread )
  0x0000029fdae0f800 JavaThread "main" [_thread_blocked, id=16024, stack(0x000000c1d0700000,0x000000c1d0800000)]
  0x0000029ff52ad000 JavaThread "Reference Handler" daemon [_thread_blocked, id=7596, stack(0x000000c1d0e00000,0x000000c1d0f00000)]
  0x0000029ff52b7800 JavaThread "Finalizer" daemon [_thread_blocked, id=6528, stack(0x000000c1d0f00000,0x000000c1d1000000)]
  0x0000029ff52c5800 JavaThread "Signal Dispatcher" daemon [_thread_blocked, id=656, stack(0x000000c1d1000000,0x000000c1d1100000)]
  0x0000029ff52c7000 JavaThread "Attach Listener" daemon [_thread_blocked, id=11280, stack(0x000000c1d1100000,0x000000c1d1200000)]
  0x0000029ff52c8000 JavaThread "Service Thread" daemon [_thread_blocked, id=15164, stack(0x000000c1d1200000,0x000000c1d1300000)]
=>0x0000029ff52cd800 JavaThread "C2 CompilerThread0" daemon [_thread_in_native, id=8668, stack(0x000000c1d1300000,0x000000c1d1400000)]
  0x0000029ff5b26800 JavaThread "C1 CompilerThread0" daemon [_thread_blocked, id=7136, stack(0x000000c1d1400000,0x000000c1d1500000)]
  0x0000029ff5b27800 JavaThread "Sweeper thread" daemon [_thread_blocked, id=12960, stack(0x000000c1d1500000,0x000000c1d1600000)]
  0x0000029ff5ccb800 JavaThread "Common-Cleaner" daemon [_thread_blocked, id=16344, stack(0x000000c1d1600000,0x000000c1d1700000)]
  0x0000029ff6eca000 JavaThread "Daemon health stats" [_thread_blocked, id=5092, stack(0x000000c1d1c00000,0x000000c1d1d00000)]
  0x0000029ff6ec7800 JavaThread "Incoming local TCP Connector on port 4096" [_thread_in_native, id=2224, stack(0x000000c1d1800000,0x000000c1d1900000)]
  0x0000029ff6ec8800 JavaThread "Daemon periodic checks" [_thread_blocked, id=14880, stack(0x000000c1d1900000,0x000000c1d1a00000)]
  0x0000029ff6ec9800 JavaThread "Daemon" [_thread_blocked, id=3976, stack(0x000000c1d1d00000,0x000000c1d1e00000)]
  0x0000029ff6ec7000 JavaThread "Handler for socket connection from /127.0.0.1:4096 to /127.0.0.1:4097" [_thread_in_native, id=13280, stack(0x000000c1d1e00000,0x000000c1d1f00000)]
  0x0000029ff6ec5000 JavaThread "Cancel handler" [_thread_blocked, id=11476, stack(0x000000c1d1f00000,0x000000c1d2000000)]
  0x0000029ff6ecb000 JavaThread "Daemon worker" [_thread_in_native, id=1788, stack(0x000000c1d2000000,0x000000c1d2100000)]
  0x0000029ff6ecb800 JavaThread "Asynchronous log dispatcher for DefaultDaemonConnection: socket connection from /127.0.0.1:4096 to /127.0.0.1:4097" [_thread_blocked, id=7428, stack(0x000000c1d2100000,0x000000c1d2200000)]
  0x0000029ff6ec6000 JavaThread "Stdin handler" [_thread_blocked, id=14896, stack(0x000000c1d2200000,0x000000c1d2300000)]
  0x0000029ff774f800 JavaThread "Daemon client event forwarder" [_thread_blocked, id=14592, stack(0x000000c1d2300000,0x000000c1d2400000)]
  0x0000029ff7750800 JavaThread "Cache worker for journal cache (G:\android_studio\gradle-5.5\caches\journal-1)" [_thread_blocked, id=4884, stack(0x000000c1d2900000,0x000000c1d2a00000)]
  0x0000029ff774c800 JavaThread "File lock request listener" [_thread_in_native, id=12096, stack(0x000000c1d2a00000,0x000000c1d2b00000)]
  0x0000029ff7751800 JavaThread "Cache worker for file hash cache (G:\android_studio\gradle-5.5\caches\7.3.2\fileHashes)" [_thread_blocked, id=14368, stack(0x000000c1d2c00000,0x000000c1d2d00000)]
  0x0000029ff774d000 JavaThread "Cache worker for file hash cache (H:\android_prg\energy\energyandroid_eslah\.gradle\7.3.2\fileHashes)" [_thread_blocked, id=7992, stack(0x000000c1d2d00000,0x000000c1d2e00000)]
  0x0000029ff774b800 JavaThread "File watcher server" daemon [_thread_in_native, id=11128, stack(0x000000c1d2e00000,0x000000c1d2f00000)]
  0x0000029ff7752000 JavaThread "File watcher consumer" daemon [_thread_blocked, id=10824, stack(0x000000c1d2f00000,0x000000c1d3000000)]
  0x0000029ff7753000 JavaThread "jar transforms" [_thread_blocked, id=15500, stack(0x000000c1d3100000,0x000000c1d3200000)]
  0x0000029ff7754000 JavaThread "jar transforms Thread 2" [_thread_blocked, id=8940, stack(0x000000c1d3200000,0x000000c1d3300000)]
  0x0000029ff774e000 JavaThread "jar transforms Thread 3" [_thread_blocked, id=1700, stack(0x000000c1d3300000,0x000000c1d3400000)]
  0x0000029ff7754800 JavaThread "jar transforms Thread 4" [_thread_blocked, id=10480, stack(0x000000c1d3400000,0x000000c1d3500000)]
  0x0000029ff774f000 JavaThread "jar transforms Thread 5" [_thread_blocked, id=15152, stack(0x000000c1d3500000,0x000000c1d3600000)]
  0x0000029ff7755800 JavaThread "jar transforms Thread 6" [_thread_blocked, id=12344, stack(0x000000c1d3600000,0x000000c1d3700000)]
  0x0000029ff775a800 JavaThread "jar transforms Thread 7" [_thread_blocked, id=10708, stack(0x000000c1d3700000,0x000000c1d3800000)]
  0x0000029ff7756000 JavaThread "jar transforms Thread 8" [_thread_blocked, id=2000, stack(0x000000c1d3800000,0x000000c1d3900000)]
  0x0000029ff7757000 JavaThread "Cache worker for checksums cache (H:\android_prg\energy\energyandroid_eslah\.gradle\7.3.2\checksums)" [_thread_blocked, id=5288, stack(0x000000c1d3000000,0x000000c1d3100000)]
  0x0000029ff7758000 JavaThread "Cache worker for cache directory md-supplier (G:\android_studio\gradle-5.5\caches\7.3.2\md-supplier)" [_thread_blocked, id=11820, stack(0x000000c1d3900000,0x000000c1d3a00000)]
  0x0000029ff7758800 JavaThread "Cache worker for cache directory md-rule (G:\android_studio\gradle-5.5\caches\7.3.2\md-rule)" [_thread_blocked, id=14116, stack(0x000000c1d3a00000,0x000000c1d3b00000)]
  0x0000029ff7759800 JavaThread "Cache worker for execution history cache (G:\android_studio\gradle-5.5\caches\7.3.2\executionHistory)" [_thread_blocked, id=12704, stack(0x000000c1d3b00000,0x000000c1d3c00000)]
  0x0000029ff8779000 JavaThread "Cache worker for file content cache (G:\android_studio\gradle-5.5\caches\7.3.2\fileContent)" [_thread_blocked, id=6320, stack(0x000000c1d3e00000,0x000000c1d3f00000)]
  0x0000029ff8776800 JavaThread "Cache worker for dependencies-accessors (H:\android_prg\energy\energyandroid_eslah\.gradle\7.3.2\dependencies-accessors)" [_thread_blocked, id=15900, stack(0x000000c1d3d00000,0x000000c1d3e00000)]
  0x0000029ff8774000 JavaThread "Cache worker for Build Output Cleanup Cache (H:\android_prg\energy\energyandroid_eslah\.gradle\buildOutputCleanup)" [_thread_blocked, id=8776, stack(0x000000c1d3f00000,0x000000c1d4000000)]
  0x0000029ff8773000 JavaThread "Unconstrained build operations" [_thread_blocked, id=6780, stack(0x000000c1d4200000,0x000000c1d4300000)]
  0x0000029ff8779800 JavaThread "Unconstrained build operations Thread 2" [_thread_blocked, id=996, stack(0x000000c1d4300000,0x000000c1d4400000)]
  0x0000029ff877b000 JavaThread "Unconstrained build operations Thread 3" [_thread_blocked, id=980, stack(0x000000c1d4000000,0x000000c1d4100000)]
  0x0000029ff877a800 JavaThread "Unconstrained build operations Thread 4" [_thread_blocked, id=12568, stack(0x000000c1d4400000,0x000000c1d4500000)]
  0x0000029ff877c000 JavaThread "Unconstrained build operations Thread 5" [_thread_blocked, id=10992, stack(0x000000c1d4500000,0x000000c1d4600000)]
  0x0000029ff877d000 JavaThread "Unconstrained build operations Thread 6" [_thread_blocked, id=6672, stack(0x000000c1d3c00000,0x000000c1d3d00000)]
  0x0000029ff8777000 JavaThread "Unconstrained build operations Thread 7" [_thread_blocked, id=3864, stack(0x000000c1d4600000,0x000000c1d4700000)]
  0x0000029ff877d800 JavaThread "Unconstrained build operations Thread 8" [_thread_blocked, id=11380, stack(0x000000c1d4700000,0x000000c1d4800000)]
  0x0000029ff8778000 JavaThread "Unconstrained build operations Thread 9" [_thread_blocked, id=12308, stack(0x000000c1d4800000,0x000000c1d4900000)]
  0x0000029ff877e800 JavaThread "Unconstrained build operations Thread 10" [_thread_blocked, id=3936, stack(0x000000c1d4900000,0x000000c1d4a00000)]
  0x0000029ff8781000 JavaThread "Unconstrained build operations Thread 11" [_thread_blocked, id=6964, stack(0x000000c1d4a00000,0x000000c1d4b00000)]
  0x0000029ff877f800 JavaThread "Unconstrained build operations Thread 12" [_thread_blocked, id=4616, stack(0x000000c1d4b00000,0x000000c1d4c00000)]
  0x0000029ff8780000 JavaThread "Unconstrained build operations Thread 13" [_thread_blocked, id=12072, stack(0x000000c1d4c00000,0x000000c1d4d00000)]
  0x0000029ff8782000 JavaThread "Unconstrained build operations Thread 14" [_thread_blocked, id=9600, stack(0x000000c1d4d00000,0x000000c1d4e00000)]
  0x0000029ff6c95000 JavaThread "Unconstrained build operations Thread 15" [_thread_blocked, id=7300, stack(0x000000c1d4e00000,0x000000c1d4f00000)]
  0x0000029ff6c92800 JavaThread "Unconstrained build operations Thread 16" [_thread_blocked, id=13096, stack(0x000000c1d4f00000,0x000000c1d5000000)]
  0x0000029ff6c93800 JavaThread "Unconstrained build operations Thread 17" [_thread_blocked, id=15232, stack(0x000000c1d5000000,0x000000c1d5100000)]
  0x0000029ff6c94800 JavaThread "Unconstrained build operations Thread 18" [_thread_blocked, id=13272, stack(0x000000c1d5100000,0x000000c1d5200000)]
  0x0000029ff6c96000 JavaThread "Unconstrained build operations Thread 19" [_thread_blocked, id=15712, stack(0x000000c1d5200000,0x000000c1d5300000)]
  0x0000029ff6c92000 JavaThread "Unconstrained build operations Thread 20" [_thread_blocked, id=260, stack(0x000000c1d5300000,0x000000c1d5400000)]
  0x0000029ff6c90000 JavaThread "Unconstrained build operations Thread 21" [_thread_blocked, id=10292, stack(0x000000c1d5400000,0x000000c1d5500000)]
  0x0000029ff6c97000 JavaThread "Unconstrained build operations Thread 22" [_thread_blocked, id=11008, stack(0x000000c1d5500000,0x000000c1d5600000)]
  0x0000029ff6c91000 JavaThread "Unconstrained build operations Thread 23" [_thread_blocked, id=14852, stack(0x000000c1d5600000,0x000000c1d5700000)]
  0x0000029ff6c9b800 JavaThread "Unconstrained build operations Thread 24" [_thread_blocked, id=16112, stack(0x000000c1d5700000,0x000000c1d5800000)]
  0x0000029ff6c9c800 JavaThread "Unconstrained build operations Thread 25" [_thread_blocked, id=3320, stack(0x000000c1d5800000,0x000000c1d5900000)]
  0x0000029ff6c97800 JavaThread "Unconstrained build operations Thread 26" [_thread_blocked, id=16040, stack(0x000000c1d5900000,0x000000c1d5a00000)]
  0x0000029ff6c9d800 JavaThread "Unconstrained build operations Thread 27" [_thread_blocked, id=15452, stack(0x000000c1d5a00000,0x000000c1d5b00000)]
  0x0000029ff6c9e000 JavaThread "Unconstrained build operations Thread 28" [_thread_blocked, id=13776, stack(0x000000c1d5b00000,0x000000c1d5c00000)]
  0x0000029ff6c98800 JavaThread "Unconstrained build operations Thread 29" [_thread_blocked, id=4796, stack(0x000000c1d5c00000,0x000000c1d5d00000)]
  0x0000029ff6c9f000 JavaThread "Unconstrained build operations Thread 30" [_thread_blocked, id=11888, stack(0x000000c1d5d00000,0x000000c1d5e00000)]
  0x0000029ff6c99000 JavaThread "Unconstrained build operations Thread 31" [_thread_blocked, id=3744, stack(0x000000c1d5e00000,0x000000c1d5f00000)]
  0x0000029ff6c9a000 JavaThread "Unconstrained build operations Thread 32" [_thread_blocked, id=12236, stack(0x000000c1d5f00000,0x000000c1d6000000)]
  0x0000029ff6c9b000 JavaThread "Unconstrained build operations Thread 33" [_thread_blocked, id=14652, stack(0x000000c1d6000000,0x000000c1d6100000)]
  0x0000029ffb21d800 JavaThread "Unconstrained build operations Thread 34" [_thread_blocked, id=1564, stack(0x000000c1d6100000,0x000000c1d6200000)]
  0x0000029ffb21a000 JavaThread "Unconstrained build operations Thread 35" [_thread_blocked, id=9916, stack(0x000000c1d6200000,0x000000c1d6300000)]
  0x0000029ffb21c800 JavaThread "Unconstrained build operations Thread 36" [_thread_blocked, id=12948, stack(0x000000c1d6300000,0x000000c1d6400000)]
  0x0000029ffb218800 JavaThread "Unconstrained build operations Thread 37" [_thread_blocked, id=9508, stack(0x000000c1d6400000,0x000000c1d6500000)]
  0x0000029ffb21e800 JavaThread "Unconstrained build operations Thread 38" [_thread_blocked, id=13404, stack(0x000000c1d6500000,0x000000c1d6600000)]
  0x0000029ffb21c000 JavaThread "Unconstrained build operations Thread 39" [_thread_blocked, id=9316, stack(0x000000c1d6600000,0x000000c1d6700000)]
  0x0000029ffb21f000 JavaThread "Unconstrained build operations Thread 40" [_thread_blocked, id=15224, stack(0x000000c1d6700000,0x000000c1d6800000)]
  0x0000029ffb219800 JavaThread "Unconstrained build operations Thread 41" [_thread_blocked, id=10596, stack(0x000000c1d6800000,0x000000c1d6900000)]
  0x0000029ffb220800 JavaThread "Unconstrained build operations Thread 42" [_thread_blocked, id=7936, stack(0x000000c1d6900000,0x000000c1d6a00000)]
  0x0000029ffb220000 JavaThread "Unconstrained build operations Thread 43" [_thread_blocked, id=10656, stack(0x000000c1d6a00000,0x000000c1d6b00000)]
  0x0000029ffb21b000 JavaThread "Unconstrained build operations Thread 44" [_thread_blocked, id=10980, stack(0x000000c1d6b00000,0x000000c1d6c00000)]
  0x0000029ffb227800 JavaThread "Unconstrained build operations Thread 45" [_thread_blocked, id=2400, stack(0x000000c1d6c00000,0x000000c1d6d00000)]
  0x0000029ffb226800 JavaThread "Unconstrained build operations Thread 46" [_thread_blocked, id=14280, stack(0x000000c1d6d00000,0x000000c1d6e00000)]
  0x0000029ffb224000 JavaThread "Unconstrained build operations Thread 47" [_thread_blocked, id=12408, stack(0x000000c1d6e00000,0x000000c1d6f00000)]
  0x0000029ffb225000 JavaThread "Unconstrained build operations Thread 48" [_thread_blocked, id=8696, stack(0x000000c1d6f00000,0x000000c1d7000000)]
  0x0000029ffb225800 JavaThread "Unconstrained build operations Thread 49" [_thread_blocked, id=14424, stack(0x000000c1d7000000,0x000000c1d7100000)]
  0x0000029ffb222800 JavaThread "Unconstrained build operations Thread 50" [_thread_blocked, id=2024, stack(0x000000c1d7100000,0x000000c1d7200000)]
  0x0000029ffb221800 JavaThread "Unconstrained build operations Thread 51" [_thread_blocked, id=14644, stack(0x000000c1d7200000,0x000000c1d7300000)]
  0x0000029ffb223000 JavaThread "Unconstrained build operations Thread 52" [_thread_blocked, id=14056, stack(0x000000c1d7300000,0x000000c1d7400000)]
  0x0000029ff9856800 JavaThread "Unconstrained build operations Thread 53" [_thread_blocked, id=5552, stack(0x000000c1d7400000,0x000000c1d7500000)]
  0x0000029ff9855000 JavaThread "Unconstrained build operations Thread 54" [_thread_blocked, id=8660, stack(0x000000c1d7500000,0x000000c1d7600000)]
  0x0000029ff9857800 JavaThread "Unconstrained build operations Thread 55" [_thread_blocked, id=13452, stack(0x000000c1d7600000,0x000000c1d7700000)]
  0x0000029ff9856000 JavaThread "Unconstrained build operations Thread 56" [_thread_blocked, id=15264, stack(0x000000c1d7700000,0x000000c1d7800000)]
  0x0000029ff9853800 JavaThread "Unconstrained build operations Thread 57" [_thread_blocked, id=11532, stack(0x000000c1d7800000,0x000000c1d7900000)]
  0x0000029ff9859000 JavaThread "Unconstrained build operations Thread 58" [_thread_blocked, id=4244, stack(0x000000c1d7900000,0x000000c1d7a00000)]
  0x0000029ff9858000 JavaThread "Unconstrained build operations Thread 59" [_thread_blocked, id=14976, stack(0x000000c1d7a00000,0x000000c1d7b00000)]
  0x0000029ff985a000 JavaThread "Unconstrained build operations Thread 60" [_thread_blocked, id=2848, stack(0x000000c1d7b00000,0x000000c1d7c00000)]
  0x0000029ff9854000 JavaThread "Unconstrained build operations Thread 61" [_thread_blocked, id=13912, stack(0x000000c1d7c00000,0x000000c1d7d00000)]
  0x0000029ff985a800 JavaThread "Unconstrained build operations Thread 62" [_thread_blocked, id=8540, stack(0x000000c1d7d00000,0x000000c1d7e00000)]
  0x0000029ff985d000 JavaThread "Unconstrained build operations Thread 63" [_thread_blocked, id=15292, stack(0x000000c1d7e00000,0x000000c1d7f00000)]
  0x0000029ff985e800 JavaThread "Unconstrained build operations Thread 64" [_thread_blocked, id=11812, stack(0x000000c1d7f00000,0x000000c1d8000000)]
  0x0000029ff9860800 JavaThread "Unconstrained build operations Thread 65" [_thread_blocked, id=15860, stack(0x000000c1d8000000,0x000000c1d8100000)]
  0x0000029ff9861000 JavaThread "Unconstrained build operations Thread 66" [_thread_blocked, id=16188, stack(0x000000c1d8100000,0x000000c1d8200000)]
  0x0000029ff985b800 JavaThread "Unconstrained build operations Thread 67" [_thread_blocked, id=15840, stack(0x000000c1d8200000,0x000000c1d8300000)]
  0x0000029ff9862000 JavaThread "Unconstrained build operations Thread 68" [_thread_blocked, id=16008, stack(0x000000c1d8300000,0x000000c1d8400000)]
  0x0000029ff985c800 JavaThread "Unconstrained build operations Thread 69" [_thread_blocked, id=14980, stack(0x000000c1d8400000,0x000000c1d8500000)]
  0x0000029ff985e000 JavaThread "Unconstrained build operations Thread 70" [_thread_blocked, id=7876, stack(0x000000c1d8500000,0x000000c1d8600000)]
  0x0000029ff985f800 JavaThread "Unconstrained build operations Thread 71" [_thread_blocked, id=9304, stack(0x000000c1d8600000,0x000000c1d8700000)]
  0x0000029ffae34000 JavaThread "Unconstrained build operations Thread 72" [_thread_blocked, id=13984, stack(0x000000c1d8700000,0x000000c1d8800000)]
  0x0000029ffae39800 JavaThread "Unconstrained build operations Thread 73" [_thread_blocked, id=13936, stack(0x000000c1d8800000,0x000000c1d8900000)]
  0x0000029ffae3a800 JavaThread "Unconstrained build operations Thread 74" [_thread_blocked, id=7372, stack(0x000000c1d8900000,0x000000c1d8a00000)]
  0x0000029ffae35000 JavaThread "Unconstrained build operations Thread 75" [_thread_blocked, id=13116, stack(0x000000c1d8a00000,0x000000c1d8b00000)]
  0x0000029ffae3b800 JavaThread "Unconstrained build operations Thread 76" [_thread_blocked, id=2492, stack(0x000000c1d8b00000,0x000000c1d8c00000)]
  0x0000029ffae35800 JavaThread "Unconstrained build operations Thread 77" [_thread_blocked, id=10492, stack(0x000000c1d8c00000,0x000000c1d8d00000)]
  0x0000029ffae3c000 JavaThread "Unconstrained build operations Thread 78" [_thread_blocked, id=12432, stack(0x000000c1d8d00000,0x000000c1d8e00000)]
  0x0000029ffae36800 JavaThread "Unconstrained build operations Thread 79" [_thread_blocked, id=2940, stack(0x000000c1d8e00000,0x000000c1d8f00000)]
  0x0000029ffae3d000 JavaThread "Unconstrained build operations Thread 80" [_thread_blocked, id=3324, stack(0x000000c1d8f00000,0x000000c1d9000000)]
  0x0000029ff90d3000 JavaThread "C2 CompilerThread1" daemon [_thread_in_native, id=9464, stack(0x000000c1d9100000,0x000000c1d9200000)]
  0x0000029ff5e11000 JavaThread "C2 CompilerThread2" daemon [_thread_in_native, id=1956, stack(0x000000c1d9200000,0x000000c1d9300000)]

Other Threads:
  0x0000029ff52a8800 VMThread "VM Thread" [stack: 0x000000c1d0d00000,0x000000c1d0e00000] [id=12168]
  0x0000029ff5d06000 WatcherThread [stack: 0x000000c1d1700000,0x000000c1d1800000] [id=7864]
  0x0000029fdae28000 GCTaskThread "GC Thread#0" [stack: 0x000000c1d0800000,0x000000c1d0900000] [id=12616]
  0x0000029ff6995000 GCTaskThread "GC Thread#1" [stack: 0x000000c1d1a00000,0x000000c1d1b00000] [id=13244]
  0x0000029ff6eba800 GCTaskThread "GC Thread#2" [stack: 0x000000c1d1b00000,0x000000c1d1c00000] [id=12320]
  0x0000029ff83d6800 GCTaskThread "GC Thread#3" [stack: 0x000000c1d2400000,0x000000c1d2500000] [id=14628]
  0x0000029ff7e6d800 GCTaskThread "GC Thread#4" [stack: 0x000000c1d2500000,0x000000c1d2600000] [id=9652]
  0x0000029ff7f71800 GCTaskThread "GC Thread#5" [stack: 0x000000c1d2600000,0x000000c1d2700000] [id=11688]
  0x0000029ff92d9800 GCTaskThread "GC Thread#6" [stack: 0x000000c1d2700000,0x000000c1d2800000] [id=12080]
  0x0000029ff74a6800 GCTaskThread "GC Thread#7" [stack: 0x000000c1d2800000,0x000000c1d2900000] [id=11412]
  0x0000029fdae5b000 ConcurrentGCThread "G1 Main Marker" [stack: 0x000000c1d0900000,0x000000c1d0a00000] [id=9716]
  0x0000029fdae5d800 ConcurrentGCThread "G1 Conc#0" [stack: 0x000000c1d0a00000,0x000000c1d0b00000] [id=9088]
  0x0000029ff7423800 ConcurrentGCThread "G1 Conc#1" [stack: 0x000000c1d2b00000,0x000000c1d2c00000] [id=2372]
  0x0000029fdaeee000 ConcurrentGCThread "G1 Refine#0" [stack: 0x000000c1d0b00000,0x000000c1d0c00000] [id=3680]
  0x0000029ff5111800 ConcurrentGCThread "G1 Young RemSet Sampling" [stack: 0x000000c1d0c00000,0x000000c1d0d00000] [id=10256]

Threads with active compile tasks:
C2 CompilerThread0  31965 8256       4       org.objectweb.asm.ClassReader::readCode (5109 bytes)
C2 CompilerThread1  31965 8291       4       org.objectweb.asm.MethodVisitor::visitMethodInsn (80 bytes)
C2 CompilerThread2  31965 8553       4       org.objectweb.asm.MethodWriter::putMethodInfo (1274 bytes)

VM state:not at safepoint (normal execution)

VM Mutex/Monitor currently owned by a thread: None

Heap address: 0x0000000080000000, size: 2048 MB, Compressed Oops mode: 32-bit
Narrow klass base: 0x0000000000000000, Narrow klass shift: 3
Compressed class space size: 1073741824 Address: 0x0000000100000000

Heap:
 garbage-first heap   total 131072K, used 105481K [0x0000000080000000, 0x0000000100000000)
  region size 1024K, 37 young (37888K), 1 survivors (1024K)
 Metaspace       used 66176K, capacity 67860K, committed 68172K, reserved 1107968K
  class space    used 8331K, capacity 8914K, committed 9036K, reserved 1048576K
Heap Regions: E=young(eden), S=young(survivor), O=old, HS=humongous(starts), HC=humongous(continues), CS=collection set, F=free, A=archive, TAMS=top-at-mark-start (previous, next)
|   0|0x0000000080000000, 0x0000000080100000, 0x0000000080100000|100%| O|  |TAMS 0x0000000080100000, 0x0000000080000000| Untracked 
|   1|0x0000000080100000, 0x0000000080200000, 0x0000000080200000|100%| O|  |TAMS 0x0000000080200000, 0x0000000080100000| Untracked 
|   2|0x0000000080200000, 0x0000000080300000, 0x0000000080300000|100%| O|  |TAMS 0x0000000080300000, 0x0000000080200000| Untracked 
|   3|0x0000000080300000, 0x0000000080400000, 0x0000000080400000|100%|HS|  |TAMS 0x0000000080400000, 0x0000000080300000| Complete 
|   4|0x0000000080400000, 0x0000000080500000, 0x0000000080500000|100%|HC|  |TAMS 0x0000000080500000, 0x0000000080400000| Complete 
|   5|0x0000000080500000, 0x0000000080600000, 0x0000000080600000|100%|HC|  |TAMS 0x0000000080600000, 0x0000000080500000| Complete 
|   6|0x0000000080600000, 0x0000000080700000, 0x0000000080700000|100%| O|  |TAMS 0x0000000080700000, 0x0000000080600000| Untracked 
|   7|0x0000000080700000, 0x0000000080800000, 0x0000000080800000|100%| O|  |TAMS 0x0000000080800000, 0x0000000080700000| Untracked 
|   8|0x0000000080800000, 0x0000000080900000, 0x0000000080900000|100%| O|  |TAMS 0x0000000080900000, 0x0000000080800000| Untracked 
|   9|0x0000000080900000, 0x0000000080a00000, 0x0000000080a00000|100%| O|  |TAMS 0x0000000080a00000, 0x0000000080900000| Untracked 
|  10|0x0000000080a00000, 0x0000000080b00000, 0x0000000080b00000|100%| O|  |TAMS 0x0000000080b00000, 0x0000000080a00000| Untracked 
|  11|0x0000000080b00000, 0x0000000080c00000, 0x0000000080c00000|100%| O|  |TAMS 0x0000000080c00000, 0x0000000080b00000| Untracked 
|  12|0x0000000080c00000, 0x0000000080d00000, 0x0000000080d00000|100%| O|  |TAMS 0x0000000080d00000, 0x0000000080c00000| Untracked 
|  13|0x0000000080d00000, 0x0000000080e00000, 0x0000000080e00000|100%| O|  |TAMS 0x0000000080e00000, 0x0000000080d00000| Untracked 
|  14|0x0000000080e00000, 0x0000000080f00000, 0x0000000080f00000|100%| O|  |TAMS 0x0000000080f00000, 0x0000000080e00000| Untracked 
|  15|0x0000000080f00000, 0x0000000081000000, 0x0000000081000000|100%| O|  |TAMS 0x0000000081000000, 0x0000000080f00000| Untracked 
|  16|0x0000000081000000, 0x0000000081100000, 0x0000000081100000|100%| O|  |TAMS 0x0000000081100000, 0x0000000081000000| Untracked 
|  17|0x0000000081100000, 0x0000000081200000, 0x0000000081200000|100%|HS|  |TAMS 0x0000000081200000, 0x0000000081100000| Complete 
|  18|0x0000000081200000, 0x0000000081300000, 0x0000000081300000|100%|HC|  |TAMS 0x0000000081300000, 0x0000000081200000| Complete 
|  19|0x0000000081300000, 0x0000000081400000, 0x0000000081400000|100%|HS|  |TAMS 0x0000000081400000, 0x0000000081300000| Complete 
|  20|0x0000000081400000, 0x0000000081500000, 0x0000000081500000|100%|HC|  |TAMS 0x0000000081500000, 0x0000000081400000| Complete 
|  21|0x0000000081500000, 0x0000000081600000, 0x0000000081600000|100%|HC|  |TAMS 0x0000000081600000, 0x0000000081500000| Complete 
|  22|0x0000000081600000, 0x0000000081700000, 0x0000000081700000|100%|HS|  |TAMS 0x0000000081700000, 0x0000000081600000| Complete 
|  23|0x0000000081700000, 0x0000000081800000, 0x0000000081800000|100%|HC|  |TAMS 0x0000000081800000, 0x0000000081700000| Complete 
|  24|0x0000000081800000, 0x0000000081900000, 0x0000000081900000|100%|HC|  |TAMS 0x0000000081900000, 0x0000000081800000| Complete 
|  25|0x0000000081900000, 0x0000000081a00000, 0x0000000081a00000|100%|HC|  |TAMS 0x0000000081a00000, 0x0000000081900000| Complete 
|  26|0x0000000081a00000, 0x0000000081b00000, 0x0000000081b00000|100%|HC|  |TAMS 0x0000000081b00000, 0x0000000081a00000| Complete 
|  27|0x0000000081b00000, 0x0000000081c00000, 0x0000000081c00000|100%| O|  |TAMS 0x0000000081c00000, 0x0000000081b00000| Untracked 
|  28|0x0000000081c00000, 0x0000000081d00000, 0x0000000081d00000|100%| O|  |TAMS 0x0000000081d00000, 0x0000000081c00000| Untracked 
|  29|0x0000000081d00000, 0x0000000081e00000, 0x0000000081e00000|100%| O|  |TAMS 0x0000000081e00000, 0x0000000081d00000| Untracked 
|  30|0x0000000081e00000, 0x0000000081f00000, 0x0000000081f00000|100%| O|  |TAMS 0x0000000081f00000, 0x0000000081e00000| Untracked 
|  31|0x0000000081f00000, 0x0000000082000000, 0x0000000082000000|100%| O|  |TAMS 0x0000000082000000, 0x0000000081f00000| Untracked 
|  32|0x0000000082000000, 0x0000000082100000, 0x0000000082100000|100%| O|  |TAMS 0x0000000082100000, 0x0000000082000000| Untracked 
|  33|0x0000000082100000, 0x0000000082200000, 0x0000000082200000|100%| O|  |TAMS 0x0000000082200000, 0x0000000082100000| Untracked 
|  34|0x0000000082200000, 0x0000000082300000, 0x0000000082300000|100%|HS|  |TAMS 0x0000000082300000, 0x0000000082200000| Complete 
|  35|0x0000000082300000, 0x0000000082400000, 0x0000000082400000|100%|HC|  |TAMS 0x0000000082400000, 0x0000000082300000| Complete 
|  36|0x0000000082400000, 0x0000000082500000, 0x0000000082500000|100%|HC|  |TAMS 0x0000000082500000, 0x0000000082400000| Complete 
|  37|0x0000000082500000, 0x0000000082600000, 0x0000000082600000|100%|HC|  |TAMS 0x0000000082600000, 0x0000000082500000| Complete 
|  38|0x0000000082600000, 0x0000000082700000, 0x0000000082700000|100%|HC|  |TAMS 0x0000000082700000, 0x0000000082600000| Complete 
|  39|0x0000000082700000, 0x0000000082800000, 0x0000000082800000|100%| O|  |TAMS 0x0000000082800000, 0x0000000082700000| Untracked 
|  40|0x0000000082800000, 0x0000000082900000, 0x0000000082900000|100%| O|  |TAMS 0x0000000082900000, 0x0000000082800000| Untracked 
|  41|0x0000000082900000, 0x0000000082a00000, 0x0000000082a00000|100%| O|  |TAMS 0x0000000082a00000, 0x0000000082900000| Untracked 
|  42|0x0000000082a00000, 0x0000000082b00000, 0x0000000082b00000|100%| O|  |TAMS 0x0000000082b00000, 0x0000000082a00000| Untracked 
|  43|0x0000000082b00000, 0x0000000082c00000, 0x0000000082c00000|100%| O|  |TAMS 0x0000000082c00000, 0x0000000082b00000| Untracked 
|  44|0x0000000082c00000, 0x0000000082d00000, 0x0000000082d00000|100%|HS|  |TAMS 0x0000000082d00000, 0x0000000082c00000| Complete 
|  45|0x0000000082d00000, 0x0000000082e00000, 0x0000000082e00000|100%|HC|  |TAMS 0x0000000082e00000, 0x0000000082d00000| Complete 
|  46|0x0000000082e00000, 0x0000000082f00000, 0x0000000082f00000|100%|HC|  |TAMS 0x0000000082f00000, 0x0000000082e00000| Complete 
|  47|0x0000000082f00000, 0x0000000083000000, 0x0000000083000000|100%| O|  |TAMS 0x0000000083000000, 0x0000000082f00000| Untracked 
|  48|0x0000000083000000, 0x0000000083100000, 0x0000000083100000|100%| O|  |TAMS 0x0000000083100000, 0x0000000083000000| Untracked 
|  49|0x0000000083100000, 0x0000000083200000, 0x0000000083200000|100%| O|  |TAMS 0x0000000083200000, 0x0000000083100000| Untracked 
|  50|0x0000000083200000, 0x0000000083300000, 0x0000000083300000|100%| O|  |TAMS 0x0000000083300000, 0x0000000083200000| Untracked 
|  51|0x0000000083300000, 0x0000000083400000, 0x0000000083400000|100%| O|  |TAMS 0x0000000083400000, 0x0000000083300000| Untracked 
|  52|0x0000000083400000, 0x0000000083500000, 0x0000000083500000|100%| O|  |TAMS 0x0000000083500000, 0x0000000083400000| Untracked 
|  53|0x0000000083500000, 0x0000000083600000, 0x0000000083600000|100%| O|  |TAMS 0x0000000083600000, 0x0000000083500000| Untracked 
|  54|0x0000000083600000, 0x0000000083700000, 0x0000000083700000|100%| O|  |TAMS 0x0000000083700000, 0x0000000083600000| Untracked 
|  55|0x0000000083700000, 0x0000000083800000, 0x0000000083800000|100%| O|  |TAMS 0x0000000083800000, 0x0000000083700000| Untracked 
|  56|0x0000000083800000, 0x0000000083900000, 0x0000000083900000|100%| O|  |TAMS 0x0000000083900000, 0x0000000083800000| Untracked 
|  57|0x0000000083900000, 0x0000000083a00000, 0x0000000083a00000|100%| O|  |TAMS 0x0000000083a00000, 0x0000000083900000| Untracked 
|  58|0x0000000083a00000, 0x0000000083b00000, 0x0000000083b00000|100%| O|  |TAMS 0x0000000083b00000, 0x0000000083a00000| Untracked 
|  59|0x0000000083b00000, 0x0000000083c00000, 0x0000000083c00000|100%| O|  |TAMS 0x0000000083c00000, 0x0000000083b00000| Untracked 
|  60|0x0000000083c00000, 0x0000000083d00000, 0x0000000083d00000|100%| O|  |TAMS 0x0000000083d00000, 0x0000000083c00000| Untracked 
|  61|0x0000000083d00000, 0x0000000083e00000, 0x0000000083e00000|100%| O|  |TAMS 0x0000000083e00000, 0x0000000083d00000| Untracked 
|  62|0x0000000083e00000, 0x0000000083f00000, 0x0000000083f00000|100%| O|  |TAMS 0x0000000083f00000, 0x0000000083e00000| Untracked 
|  63|0x0000000083f00000, 0x0000000084000000, 0x0000000084000000|100%| O|  |TAMS 0x0000000084000000, 0x0000000083f00000| Untracked 
|  64|0x0000000084000000, 0x0000000084100000, 0x0000000084100000|100%| O|  |TAMS 0x0000000084100000, 0x0000000084000000| Untracked 
|  65|0x0000000084100000, 0x0000000084200000, 0x0000000084200000|100%| O|  |TAMS 0x0000000084200000, 0x0000000084100000| Untracked 
|  66|0x0000000084200000, 0x0000000084200000, 0x0000000084300000|  0%| F|  |TAMS 0x0000000084200000, 0x0000000084200000| Untracked 
|  67|0x0000000084300000, 0x0000000084400000, 0x0000000084400000|100%| O|  |TAMS 0x0000000084400000, 0x0000000084300000| Untracked 
|  68|0x0000000084400000, 0x0000000084402400, 0x0000000084500000|  0%| O|  |TAMS 0x0000000084402400, 0x0000000084400000| Untracked 
|  69|0x0000000084500000, 0x0000000084500000, 0x0000000084600000|  0%| F|  |TAMS 0x0000000084500000, 0x0000000084500000| Untracked 
|  70|0x0000000084600000, 0x0000000084600000, 0x0000000084700000|  0%| F|  |TAMS 0x0000000084600000, 0x0000000084600000| Untracked 
|  71|0x0000000084700000, 0x0000000084700000, 0x0000000084800000|  0%| F|  |TAMS 0x0000000084700000, 0x0000000084700000| Untracked 
|  72|0x0000000084800000, 0x0000000084800000, 0x0000000084900000|  0%| F|  |TAMS 0x0000000084800000, 0x0000000084800000| Untracked 
|  73|0x0000000084900000, 0x0000000084900000, 0x0000000084a00000|  0%| F|  |TAMS 0x0000000084900000, 0x0000000084900000| Untracked 
|  74|0x0000000084a00000, 0x0000000084a00000, 0x0000000084b00000|  0%| F|  |TAMS 0x0000000084a00000, 0x0000000084a00000| Untracked 
|  75|0x0000000084b00000, 0x0000000084b00000, 0x0000000084c00000|  0%| F|  |TAMS 0x0000000084b00000, 0x0000000084b00000| Untracked 
|  76|0x0000000084c00000, 0x0000000084c00000, 0x0000000084d00000|  0%| F|  |TAMS 0x0000000084c00000, 0x0000000084c00000| Untracked 
|  77|0x0000000084d00000, 0x0000000084d00000, 0x0000000084e00000|  0%| F|  |TAMS 0x0000000084d00000, 0x0000000084d00000| Untracked 
|  78|0x0000000084e00000, 0x0000000084e00000, 0x0000000084f00000|  0%| F|  |TAMS 0x0000000084e00000, 0x0000000084e00000| Untracked 
|  79|0x0000000084f00000, 0x0000000084f00000, 0x0000000085000000|  0%| F|  |TAMS 0x0000000084f00000, 0x0000000084f00000| Untracked 
|  80|0x0000000085000000, 0x0000000085000000, 0x0000000085100000|  0%| F|  |TAMS 0x0000000085000000, 0x0000000085000000| Untracked 
|  81|0x0000000085100000, 0x0000000085100000, 0x0000000085200000|  0%| F|  |TAMS 0x0000000085100000, 0x0000000085100000| Untracked 
|  82|0x0000000085200000, 0x0000000085200000, 0x0000000085300000|  0%| F|  |TAMS 0x0000000085200000, 0x0000000085200000| Untracked 
|  83|0x0000000085300000, 0x0000000085300000, 0x0000000085400000|  0%| F|  |TAMS 0x0000000085300000, 0x0000000085300000| Untracked 
|  84|0x0000000085400000, 0x0000000085400000, 0x0000000085500000|  0%| F|  |TAMS 0x0000000085400000, 0x0000000085400000| Untracked 
|  85|0x0000000085500000, 0x0000000085500000, 0x0000000085600000|  0%| F|  |TAMS 0x0000000085500000, 0x0000000085500000| Untracked 
|  86|0x0000000085600000, 0x0000000085600000, 0x0000000085700000|  0%| F|  |TAMS 0x0000000085600000, 0x0000000085600000| Untracked 
|  87|0x0000000085700000, 0x0000000085700000, 0x0000000085800000|  0%| F|  |TAMS 0x0000000085700000, 0x0000000085700000| Untracked 
|  88|0x0000000085800000, 0x0000000085800000, 0x0000000085900000|  0%| F|  |TAMS 0x0000000085800000, 0x0000000085800000| Untracked 
|  89|0x0000000085900000, 0x0000000085900000, 0x0000000085a00000|  0%| F|  |TAMS 0x0000000085900000, 0x0000000085900000| Untracked 
|  90|0x0000000085a00000, 0x0000000085b00000, 0x0000000085b00000|100%| S|CS|TAMS 0x0000000085a00000, 0x0000000085a00000| Complete 
|  91|0x0000000085b00000, 0x0000000085b00000, 0x0000000085c00000|  0%| F|  |TAMS 0x0000000085b00000, 0x0000000085b00000| Untracked 
|  92|0x0000000085c00000, 0x0000000085c3a170, 0x0000000085d00000| 22%| E|  |TAMS 0x0000000085c00000, 0x0000000085c00000| Complete 
|  93|0x0000000085d00000, 0x0000000085e00000, 0x0000000085e00000|100%| E|CS|TAMS 0x0000000085d00000, 0x0000000085d00000| Complete 
|  94|0x0000000085e00000, 0x0000000085f00000, 0x0000000085f00000|100%| E|CS|TAMS 0x0000000085e00000, 0x0000000085e00000| Complete 
|  95|0x0000000085f00000, 0x0000000086000000, 0x0000000086000000|100%| E|CS|TAMS 0x0000000085f00000, 0x0000000085f00000| Complete 
|  96|0x0000000086000000, 0x0000000086100000, 0x0000000086100000|100%| E|CS|TAMS 0x0000000086000000, 0x0000000086000000| Complete 
|  97|0x0000000086100000, 0x0000000086200000, 0x0000000086200000|100%| E|CS|TAMS 0x0000000086100000, 0x0000000086100000| Complete 
|  98|0x0000000086200000, 0x0000000086300000, 0x0000000086300000|100%| E|CS|TAMS 0x0000000086200000, 0x0000000086200000| Complete 
|  99|0x0000000086300000, 0x0000000086400000, 0x0000000086400000|100%| E|CS|TAMS 0x0000000086300000, 0x0000000086300000| Complete 
| 100|0x0000000086400000, 0x0000000086500000, 0x0000000086500000|100%| E|CS|TAMS 0x0000000086400000, 0x0000000086400000| Complete 
| 101|0x0000000086500000, 0x0000000086600000, 0x0000000086600000|100%| E|CS|TAMS 0x0000000086500000, 0x0000000086500000| Complete 
| 102|0x0000000086600000, 0x0000000086700000, 0x0000000086700000|100%| E|CS|TAMS 0x0000000086600000, 0x0000000086600000| Complete 
| 103|0x0000000086700000, 0x0000000086800000, 0x0000000086800000|100%| E|CS|TAMS 0x0000000086700000, 0x0000000086700000| Complete 
| 104|0x0000000086800000, 0x0000000086900000, 0x0000000086900000|100%| E|CS|TAMS 0x0000000086800000, 0x0000000086800000| Complete 
| 105|0x0000000086900000, 0x0000000086a00000, 0x0000000086a00000|100%| E|CS|TAMS 0x0000000086900000, 0x0000000086900000| Complete 
| 106|0x0000000086a00000, 0x0000000086b00000, 0x0000000086b00000|100%| E|CS|TAMS 0x0000000086a00000, 0x0000000086a00000| Complete 
| 107|0x0000000086b00000, 0x0000000086c00000, 0x0000000086c00000|100%| E|CS|TAMS 0x0000000086b00000, 0x0000000086b00000| Complete 
| 108|0x0000000086c00000, 0x0000000086d00000, 0x0000000086d00000|100%| E|CS|TAMS 0x0000000086c00000, 0x0000000086c00000| Complete 
| 109|0x0000000086d00000, 0x0000000086e00000, 0x0000000086e00000|100%| E|CS|TAMS 0x0000000086d00000, 0x0000000086d00000| Complete 
| 110|0x0000000086e00000, 0x0000000086f00000, 0x0000000086f00000|100%| E|CS|TAMS 0x0000000086e00000, 0x0000000086e00000| Complete 
| 111|0x0000000086f00000, 0x0000000087000000, 0x0000000087000000|100%| E|CS|TAMS 0x0000000086f00000, 0x0000000086f00000| Complete 
| 112|0x0000000087000000, 0x0000000087100000, 0x0000000087100000|100%| E|CS|TAMS 0x0000000087000000, 0x0000000087000000| Complete 
| 113|0x0000000087100000, 0x0000000087200000, 0x0000000087200000|100%| E|CS|TAMS 0x0000000087100000, 0x0000000087100000| Complete 
| 114|0x0000000087200000, 0x0000000087300000, 0x0000000087300000|100%| E|CS|TAMS 0x0000000087200000, 0x0000000087200000| Complete 
| 115|0x0000000087300000, 0x0000000087400000, 0x0000000087400000|100%| E|CS|TAMS 0x0000000087300000, 0x0000000087300000| Complete 
| 116|0x0000000087400000, 0x0000000087500000, 0x0000000087500000|100%| E|CS|TAMS 0x0000000087400000, 0x0000000087400000| Complete 
| 117|0x0000000087500000, 0x0000000087600000, 0x0000000087600000|100%| E|CS|TAMS 0x0000000087500000, 0x0000000087500000| Complete 
| 118|0x0000000087600000, 0x0000000087700000, 0x0000000087700000|100%| E|CS|TAMS 0x0000000087600000, 0x0000000087600000| Complete 
| 119|0x0000000087700000, 0x0000000087800000, 0x0000000087800000|100%| E|CS|TAMS 0x0000000087700000, 0x0000000087700000| Complete 
| 120|0x0000000087800000, 0x0000000087900000, 0x0000000087900000|100%| E|CS|TAMS 0x0000000087800000, 0x0000000087800000| Complete 
| 121|0x0000000087900000, 0x0000000087a00000, 0x0000000087a00000|100%| E|CS|TAMS 0x0000000087900000, 0x0000000087900000| Complete 
| 122|0x0000000087a00000, 0x0000000087b00000, 0x0000000087b00000|100%| E|CS|TAMS 0x0000000087a00000, 0x0000000087a00000| Complete 
| 123|0x0000000087b00000, 0x0000000087c00000, 0x0000000087c00000|100%| E|CS|TAMS 0x0000000087b00000, 0x0000000087b00000| Complete 
| 124|0x0000000087c00000, 0x0000000087d00000, 0x0000000087d00000|100%| E|CS|TAMS 0x0000000087c00000, 0x0000000087c00000| Complete 
| 125|0x0000000087d00000, 0x0000000087e00000, 0x0000000087e00000|100%| E|CS|TAMS 0x0000000087d00000, 0x0000000087d00000| Complete 
| 126|0x0000000087e00000, 0x0000000087f00000, 0x0000000087f00000|100%| E|CS|TAMS 0x0000000087e00000, 0x0000000087e00000| Complete 
| 127|0x0000000087f00000, 0x0000000088000000, 0x0000000088000000|100%| E|CS|TAMS 0x0000000087f00000, 0x0000000087f00000| Complete 

Card table byte_map: [0x0000029fee040000,0x0000029fee440000] _byte_map_base: 0x0000029fedc40000

Marking Bits (Prev, Next): (CMBitMap*) 0x0000029fdae52300, (CMBitMap*) 0x0000029fdae522c8
 Prev Bits: [0x0000029ff0840000, 0x0000029ff2840000)
 Next Bits: [0x0000029fee840000, 0x0000029ff0840000)

Polling page: 0x0000029fd8c70000

Metaspace:

Usage:
  Non-class:     57.56 MB capacity,    56.49 MB ( 98%) used,   925.98 KB (  2%) free+waste,   175.44 KB ( <1%) overhead. 
      Class:      8.71 MB capacity,     8.14 MB ( 93%) used,   500.56 KB (  6%) free+waste,    81.63 KB ( <1%) overhead. 
       Both:     66.27 MB capacity,    64.63 MB ( 98%) used,     1.39 MB (  2%) free+waste,   257.06 KB ( <1%) overhead. 

Virtual space:
  Non-class space:       58.00 MB reserved,      57.75 MB (>99%) committed 
      Class space:        1.00 GB reserved,       8.82 MB ( <1%) committed 
             Both:        1.06 GB reserved,      66.57 MB (  6%) committed 

Chunk freelists:
   Non-Class:  62.00 KB
       Class:  78.00 KB
        Both:  140.00 KB

MaxMetaspaceSize: 17179869184.00 GB
CompressedClassSpaceSize: 1.00 GB

CodeHeap 'non-profiled nmethods': size=120000Kb used=5298Kb max_used=5298Kb free=114701Kb
 bounds [0x0000029fe63d0000, 0x0000029fe6900000, 0x0000029fed900000]
CodeHeap 'profiled nmethods': size=120000Kb used=18385Kb max_used=18385Kb free=101614Kb
 bounds [0x0000029fdeea0000, 0x0000029fe00a0000, 0x0000029fe63d0000]
CodeHeap 'non-nmethods': size=5760Kb used=2269Kb max_used=2311Kb free=3490Kb
 bounds [0x0000029fde900000, 0x0000029fdeb70000, 0x0000029fdeea0000]
 total_blobs=9344 nmethods=8475 adapters=780
 compilation: enabled
              stopped_count=0, restarted_count=0
 full_count=0

Compilation events (20 events):
Event: 31.873 Thread 0x0000029ff5b26800 8562       2       org.gradle.internal.snapshot.SnapshotHierarchy$$Lambda$198/0x00000001003a8c40::get$Lambda (9 bytes)
Event: 31.873 Thread 0x0000029ff5b26800 nmethod 8562 0x0000029fe0092d90 code [0x0000029fe0092f40, 0x0000029fe00930b8]
Event: 31.873 Thread 0x0000029ff5b26800 8563       2       com.google.common.cache.LocalCache$LocalManualCache$1::load (10 bytes)
Event: 31.873 Thread 0x0000029ff5b26800 nmethod 8563 0x0000029fe0093190 code [0x0000029fe0093340, 0x0000029fe0093468]
Event: 31.873 Thread 0x0000029ff5b26800 8564       2       java.util.ArrayDeque$DeqSpliterator::tryAdvance (84 bytes)
Event: 31.873 Thread 0x0000029ff5b26800 nmethod 8564 0x0000029fe0093510 code [0x0000029fe0093700, 0x0000029fe0093a28]
Event: 31.873 Thread 0x0000029ff5b26800 8565       2       org.gradle.internal.snapshot.SnapshotUtil$1::handleUnrelatedToAnyChild (5 bytes)
Event: 31.873 Thread 0x0000029ff5b26800 nmethod 8565 0x0000029fe0093c10 code [0x0000029fe0093dc0, 0x0000029fe0093f08]
Event: 31.873 Thread 0x0000029ff5b26800 8566       2       org.gradle.internal.snapshot.SnapshotUtil$1::handleUnrelatedToAnyChild (13 bytes)
Event: 31.873 Thread 0x0000029ff5b26800 nmethod 8566 0x0000029fe0094010 code [0x0000029fe00941c0, 0x0000029fe0094308]
Event: 31.873 Thread 0x0000029ff5b26800 8567       2       org.gradle.internal.snapshot.AbstractIncompleteFileSystemNode$$Lambda$227/0x00000001003b9440::get (4 bytes)
Event: 31.873 Thread 0x0000029ff5b26800 nmethod 8567 0x0000029fe0094410 code [0x0000029fe00945c0, 0x0000029fe00946b8]
Event: 31.873 Thread 0x0000029ff5b26800 8568       1       com.google.common.cache.LocalCache$StrongAccessEntry::getAccessTime (5 bytes)
Event: 31.873 Thread 0x0000029ff5b26800 nmethod 8568 0x0000029fe68ed610 code [0x0000029fe68ed7c0, 0x0000029fe68ed878]
Event: 31.873 Thread 0x0000029ff5b26800 8569       1       com.google.common.cache.LocalCache$StrongAccessEntry::setAccessTime (6 bytes)
Event: 31.873 Thread 0x0000029ff5b26800 nmethod 8569 0x0000029fe68ed910 code [0x0000029fe68edac0, 0x0000029fe68edb98]
Event: 31.885 Thread 0x0000029ff90d3000 nmethod 8528 0x0000029fe68edc10 code [0x0000029fe68ee120, 0x0000029fe68f3ff8]
Event: 31.885 Thread 0x0000029ff90d3000 8131       4       org.objectweb.asm.ClassReader::readUtf (44 bytes)
Event: 31.887 Thread 0x0000029ff90d3000 nmethod 8131 0x0000029fe68f6c10 code [0x0000029fe68f6dc0, 0x0000029fe68f7068]
Event: 31.887 Thread 0x0000029ff90d3000 8136       4       org.objectweb.asm.ClassReader::readUTF8 (23 bytes)

GC Heap History (20 events):
Event: 12.657 GC heap before
{Heap before GC invocations=13 (full 0):
 garbage-first heap   total 131072K, used 102198K [0x0000000080000000, 0x0000000100000000)
  region size 1024K, 50 young (51200K), 5 survivors (5120K)
 Metaspace       used 49736K, capacity 51246K, committed 51404K, reserved 1093632K
  class space    used 6456K, capacity 6977K, committed 7116K, reserved 1048576K
}
Event: 12.667 GC heap after
{Heap after GC invocations=14 (full 0):
 garbage-first heap   total 131072K, used 57283K [0x0000000080000000, 0x0000000100000000)
  region size 1024K, 5 young (5120K), 5 survivors (5120K)
 Metaspace       used 49736K, capacity 51246K, committed 51404K, reserved 1093632K
  class space    used 6456K, capacity 6977K, committed 7116K, reserved 1048576K
}
Event: 13.349 GC heap before
{Heap before GC invocations=14 (full 0):
 garbage-first heap   total 131072K, used 103363K [0x0000000080000000, 0x0000000100000000)
  region size 1024K, 50 young (51200K), 5 survivors (5120K)
 Metaspace       used 52715K, capacity 54262K, committed 54476K, reserved 1095680K
  class space    used 6777K, capacity 7300K, committed 7372K, reserved 1048576K
}
Event: 13.354 GC heap after
{Heap after GC invocations=15 (full 0):
 garbage-first heap   total 131072K, used 60907K [0x0000000080000000, 0x0000000100000000)
  region size 1024K, 5 young (5120K), 5 survivors (5120K)
 Metaspace       used 52715K, capacity 54262K, committed 54476K, reserved 1095680K
  class space    used 6777K, capacity 7300K, committed 7372K, reserved 1048576K
}
Event: 14.109 GC heap before
{Heap before GC invocations=15 (full 0):
 garbage-first heap   total 131072K, used 104939K [0x0000000080000000, 0x0000000100000000)
  region size 1024K, 49 young (50176K), 5 survivors (5120K)
 Metaspace       used 55432K, capacity 57101K, committed 57164K, reserved 1099776K
  class space    used 7197K, capacity 7716K, committed 7756K, reserved 1048576K
}
Event: 14.113 GC heap after
{Heap after GC invocations=16 (full 0):
 garbage-first heap   total 131072K, used 62366K [0x0000000080000000, 0x0000000100000000)
  region size 1024K, 5 young (5120K), 5 survivors (5120K)
 Metaspace       used 55432K, capacity 57101K, committed 57164K, reserved 1099776K
  class space    used 7197K, capacity 7716K, committed 7756K, reserved 1048576K
}
Event: 16.777 GC heap before
{Heap before GC invocations=16 (full 0):
 garbage-first heap   total 131072K, used 107422K [0x0000000080000000, 0x0000000100000000)
  region size 1024K, 49 young (50176K), 5 survivors (5120K)
 Metaspace       used 62370K, capacity 64076K, committed 64204K, reserved 1105920K
  class space    used 8063K, capacity 8625K, committed 8652K, reserved 1048576K
}
Event: 16.789 GC heap after
{Heap after GC invocations=17 (full 0):
 garbage-first heap   total 131072K, used 65999K [0x0000000080000000, 0x0000000100000000)
  region size 1024K, 6 young (6144K), 6 survivors (6144K)
 Metaspace       used 62370K, capacity 64076K, committed 64204K, reserved 1105920K
  class space    used 8063K, capacity 8625K, committed 8652K, reserved 1048576K
}
Event: 28.597 GC heap before
{Heap before GC invocations=17 (full 0):
 garbage-first heap   total 131072K, used 106959K [0x0000000080000000, 0x0000000100000000)
  region size 1024K, 46 young (47104K), 6 survivors (6144K)
 Metaspace       used 65467K, capacity 67324K, committed 67404K, reserved 1107968K
  class space    used 8344K, capacity 8975K, committed 9036K, reserved 1048576K
}
Event: 28.605 GC heap after
{Heap after GC invocations=18 (full 0):
 garbage-first heap   total 131072K, used 68070K [0x0000000080000000, 0x0000000100000000)
  region size 1024K, 3 young (3072K), 3 survivors (3072K)
 Metaspace       used 65467K, capacity 67324K, committed 67404K, reserved 1107968K
  class space    used 8344K, capacity 8975K, committed 9036K, reserved 1048576K
}
Event: 31.233 GC heap before
{Heap before GC invocations=19 (full 0):
 garbage-first heap   total 131072K, used 106982K [0x0000000080000000, 0x0000000100000000)
  region size 1024K, 42 young (43008K), 3 survivors (3072K)
 Metaspace       used 65948K, capacity 67715K, committed 67916K, reserved 1107968K
  class space    used 8338K, capacity 8932K, committed 9036K, reserved 1048576K
}
Event: 31.237 GC heap after
{Heap after GC invocations=20 (full 0):
 garbage-first heap   total 131072K, used 69022K [0x0000000080000000, 0x0000000100000000)
  region size 1024K, 4 young (4096K), 4 survivors (4096K)
 Metaspace       used 65948K, capacity 67715K, committed 67916K, reserved 1107968K
  class space    used 8338K, capacity 8932K, committed 9036K, reserved 1048576K
}
Event: 31.354 GC heap before
{Heap before GC invocations=20 (full 0):
 garbage-first heap   total 131072K, used 107934K [0x0000000080000000, 0x0000000100000000)
  region size 1024K, 43 young (44032K), 4 survivors (4096K)
 Metaspace       used 66133K, capacity 67908K, committed 68172K, reserved 1107968K
  class space    used 8341K, capacity 8932K, committed 9036K, reserved 1048576K
}
Event: 31.357 GC heap after
{Heap after GC invocations=21 (full 0):
 garbage-first heap   total 131072K, used 69107K [0x0000000080000000, 0x0000000100000000)
  region size 1024K, 2 young (2048K), 2 survivors (2048K)
 Metaspace       used 66133K, capacity 67908K, committed 68172K, reserved 1107968K
  class space    used 8341K, capacity 8932K, committed 9036K, reserved 1048576K
}
Event: 31.477 GC heap before
{Heap before GC invocations=22 (full 0):
 garbage-first heap   total 131072K, used 99827K [0x0000000080000000, 0x0000000100000000)
  region size 1024K, 33 young (33792K), 2 survivors (2048K)
 Metaspace       used 66164K, capacity 67888K, committed 68172K, reserved 1107968K
  class space    used 8337K, capacity 8924K, committed 9036K, reserved 1048576K
}
Event: 31.482 GC heap after
{Heap after GC invocations=23 (full 0):
 garbage-first heap   total 131072K, used 72605K [0x0000000080000000, 0x0000000100000000)
  region size 1024K, 6 young (6144K), 6 survivors (6144K)
 Metaspace       used 66164K, capacity 67888K, committed 68172K, reserved 1107968K
  class space    used 8337K, capacity 8924K, committed 9036K, reserved 1048576K
}
Event: 31.599 GC heap before
{Heap before GC invocations=24 (full 0):
 garbage-first heap   total 131072K, used 107421K [0x0000000080000000, 0x0000000100000000)
  region size 1024K, 40 young (40960K), 6 survivors (6144K)
 Metaspace       used 66163K, capacity 67864K, committed 68172K, reserved 1107968K
  class space    used 8332K, capacity 8916K, committed 9036K, reserved 1048576K
}
Event: 31.600 GC heap after
{Heap after GC invocations=25 (full 0):
 garbage-first heap   total 131072K, used 69283K [0x0000000080000000, 0x0000000100000000)
  region size 1024K, 1 young (1024K), 1 survivors (1024K)
 Metaspace       used 66163K, capacity 67864K, committed 68172K, reserved 1107968K
  class space    used 8332K, capacity 8916K, committed 9036K, reserved 1048576K
}
Event: 31.682 GC heap before
{Heap before GC invocations=25 (full 0):
 garbage-first heap   total 131072K, used 106147K [0x0000000080000000, 0x0000000100000000)
  region size 1024K, 38 young (38912K), 1 survivors (1024K)
 Metaspace       used 66164K, capacity 67864K, committed 68172K, reserved 1107968K
  class space    used 8332K, capacity 8916K, committed 9036K, reserved 1048576K
}
Event: 31.683 GC heap after
{Heap after GC invocations=26 (full 0):
 garbage-first heap   total 131072K, used 69641K [0x0000000080000000, 0x0000000100000000)
  region size 1024K, 1 young (1024K), 1 survivors (1024K)
 Metaspace       used 66164K, capacity 67864K, committed 68172K, reserved 1107968K
  class space    used 8332K, capacity 8916K, committed 9036K, reserved 1048576K
}

Deoptimization events (20 events):
Event: 31.535 Thread 0x0000029ff7754000 DEOPT PACKING pc=0x0000029fe000d350 sp=0x000000c1d32fe0e0
Event: 31.535 Thread 0x0000029ff7754000 DEOPT UNPACKING pc=0x0000029fde9276ce sp=0x000000c1d32fd5f8 mode 0
Event: 31.536 Thread 0x0000029ff7754000 DEOPT PACKING pc=0x0000029fe000d350 sp=0x000000c1d32fdaa0
Event: 31.536 Thread 0x0000029ff7754000 DEOPT UNPACKING pc=0x0000029fde9276ce sp=0x000000c1d32fcfb8 mode 0
Event: 31.577 Thread 0x0000029ff7754000 DEOPT PACKING pc=0x0000029fe000d4ec sp=0x000000c1d32fdaa0
Event: 31.577 Thread 0x0000029ff7754000 DEOPT UNPACKING pc=0x0000029fde9276ce sp=0x000000c1d32fcfb8 mode 0
Event: 31.581 Thread 0x0000029ff7754000 DEOPT PACKING pc=0x0000029fe000d4ec sp=0x000000c1d32fe0e0
Event: 31.581 Thread 0x0000029ff7754000 DEOPT UNPACKING pc=0x0000029fde9276ce sp=0x000000c1d32fd5f8 mode 0
Event: 31.587 Thread 0x0000029ff7754000 DEOPT PACKING pc=0x0000029fe000d350 sp=0x000000c1d32fdaa0
Event: 31.587 Thread 0x0000029ff7754000 DEOPT UNPACKING pc=0x0000029fde9276ce sp=0x000000c1d32fcfb8 mode 0
Event: 31.677 Thread 0x0000029ff774e000 DEOPT PACKING pc=0x0000029fdffce137 sp=0x000000c1d33fe420
Event: 31.677 Thread 0x0000029ff774e000 DEOPT UNPACKING pc=0x0000029fde9276ce sp=0x000000c1d33fda10 mode 0
Event: 31.716 Thread 0x0000029ff774e000 DEOPT PACKING pc=0x0000029fdffd4076 sp=0x000000c1d33fe5a0
Event: 31.716 Thread 0x0000029ff774e000 DEOPT UNPACKING pc=0x0000029fde9276ce sp=0x000000c1d33fdac0 mode 0
Event: 31.727 Thread 0x0000029ff774e000 DEOPT PACKING pc=0x0000029fdffd4076 sp=0x000000c1d33fe5a0
Event: 31.727 Thread 0x0000029ff774e000 DEOPT UNPACKING pc=0x0000029fde9276ce sp=0x000000c1d33fdac0 mode 0
Event: 31.754 Thread 0x0000029ff774e000 DEOPT PACKING pc=0x0000029fdffd4076 sp=0x000000c1d33fe5a0
Event: 31.754 Thread 0x0000029ff774e000 DEOPT UNPACKING pc=0x0000029fde9276ce sp=0x000000c1d33fdac0 mode 0
Event: 31.763 Thread 0x0000029ff774e000 DEOPT PACKING pc=0x0000029fdffd4e89 sp=0x000000c1d33fe2b0
Event: 31.763 Thread 0x0000029ff774e000 DEOPT UNPACKING pc=0x0000029fde9276ce sp=0x000000c1d33fd708 mode 0

Classes redefined (0 events):
No events

Internal exceptions (20 events):
Event: 31.256 Thread 0x0000029ff775a800 Exception <a 'sun/nio/fs/WindowsException'{0x0000000087eecc98}> (0x0000000087eecc98) thrown at [./src/hotspot/share/prims/jni.cpp, line 615]
Event: 31.259 Thread 0x0000029ff7756000 Exception <a 'sun/nio/fs/WindowsException'{0x0000000087a3cfe0}> (0x0000000087a3cfe0) thrown at [./src/hotspot/share/prims/jni.cpp, line 615]
Event: 31.260 Thread 0x0000029ff7756000 Exception <a 'sun/nio/fs/WindowsException'{0x0000000087a3d1b0}> (0x0000000087a3d1b0) thrown at [./src/hotspot/share/prims/jni.cpp, line 615]
Event: 31.262 Thread 0x0000029ff7754800 Exception <a 'sun/nio/fs/WindowsException'{0x0000000087ac9498}> (0x0000000087ac9498) thrown at [./src/hotspot/share/prims/jni.cpp, line 615]
Event: 31.264 Thread 0x0000029ff7756000 Exception <a 'sun/nio/fs/WindowsException'{0x00000000879813b0}> (0x00000000879813b0) thrown at [./src/hotspot/share/prims/jni.cpp, line 615]
Event: 31.279 Thread 0x0000029ff775a800 Exception <a 'sun/nio/fs/WindowsException'{0x00000000874ac070}> (0x00000000874ac070) thrown at [./src/hotspot/share/prims/jni.cpp, line 615]
Event: 31.302 Thread 0x0000029ff7756000 Exception <a 'sun/nio/fs/WindowsException'{0x0000000086b071c0}> (0x0000000086b071c0) thrown at [./src/hotspot/share/prims/jni.cpp, line 615]
Event: 31.308 Thread 0x0000029ff7756000 Exception <a 'sun/nio/fs/WindowsException'{0x0000000086b07398}> (0x0000000086b07398) thrown at [./src/hotspot/share/prims/jni.cpp, line 615]
Event: 31.319 Thread 0x0000029ff7753000 Exception <a 'sun/nio/fs/WindowsException'{0x00000000865ae6f0}> (0x00000000865ae6f0) thrown at [./src/hotspot/share/prims/jni.cpp, line 615]
Event: 31.321 Thread 0x0000029ff775a800 Exception <a 'sun/nio/fs/WindowsException'{0x0000000086b67d20}> (0x0000000086b67d20) thrown at [./src/hotspot/share/prims/jni.cpp, line 615]
Event: 31.322 Thread 0x0000029ff7754800 Exception <a 'sun/nio/fs/WindowsException'{0x00000000864c50c8}> (0x00000000864c50c8) thrown at [./src/hotspot/share/prims/jni.cpp, line 615]
Event: 31.322 Thread 0x0000029ff7753000 Exception <a 'sun/nio/fs/WindowsException'{0x00000000865ae8b0}> (0x00000000865ae8b0) thrown at [./src/hotspot/share/prims/jni.cpp, line 615]
Event: 31.322 Thread 0x0000029ff7754800 Exception <a 'sun/nio/fs/WindowsException'{0x00000000864c5270}> (0x00000000864c5270) thrown at [./src/hotspot/share/prims/jni.cpp, line 615]
Event: 31.323 Thread 0x0000029ff775a800 Exception <a 'sun/nio/fs/WindowsException'{0x000000008633ef30}> (0x000000008633ef30) thrown at [./src/hotspot/share/prims/jni.cpp, line 615]
Event: 31.507 Thread 0x0000029ff7755800 Exception <a 'sun/nio/fs/WindowsException'{0x00000000878e8050}> (0x00000000878e8050) thrown at [./src/hotspot/share/prims/jni.cpp, line 615]
Event: 31.507 Thread 0x0000029ff7755800 Exception <a 'sun/nio/fs/WindowsException'{0x00000000878e8210}> (0x00000000878e8210) thrown at [./src/hotspot/share/prims/jni.cpp, line 615]
Event: 31.697 Thread 0x0000029ff7754000 Exception <a 'sun/nio/fs/WindowsException'{0x0000000087b88870}> (0x0000000087b88870) thrown at [./src/hotspot/share/prims/jni.cpp, line 615]
Event: 31.697 Thread 0x0000029ff7754000 Exception <a 'sun/nio/fs/WindowsException'{0x0000000087b88a30}> (0x0000000087b88a30) thrown at [./src/hotspot/share/prims/jni.cpp, line 615]
Event: 31.827 Thread 0x0000029ff774e000 Exception <a 'sun/nio/fs/WindowsException'{0x0000000085d93240}> (0x0000000085d93240) thrown at [./src/hotspot/share/prims/jni.cpp, line 615]
Event: 31.827 Thread 0x0000029ff774e000 Exception <a 'sun/nio/fs/WindowsException'{0x0000000085d933f0}> (0x0000000085d933f0) thrown at [./src/hotspot/share/prims/jni.cpp, line 615]

Events (20 events):
Event: 31.445 Executing VM operation: RevokeBias
Event: 31.446 Executing VM operation: RevokeBias done
Event: 31.446 Executing VM operation: RevokeBias
Event: 31.446 Executing VM operation: RevokeBias done
Event: 31.462 Executing VM operation: CGC_Operation
Event: 31.462 Executing VM operation: CGC_Operation done
Event: 31.477 Executing VM operation: G1CollectForAllocation
Event: 31.482 Executing VM operation: G1CollectForAllocation done
Event: 31.548 Executing VM operation: CGC_Operation
Event: 31.557 Executing VM operation: CGC_Operation done
Event: 31.585 Executing VM operation: CGC_Operation
Event: 31.586 Executing VM operation: CGC_Operation done
Event: 31.599 Executing VM operation: G1CollectForAllocation
Event: 31.600 Executing VM operation: G1CollectForAllocation done
Event: 31.682 Executing VM operation: G1CollectForAllocation
Event: 31.683 Executing VM operation: G1CollectForAllocation done
Event: 31.742 Executing VM operation: CGC_Operation
Event: 31.751 Executing VM operation: CGC_Operation done
Event: 31.775 Executing VM operation: CGC_Operation
Event: 31.776 Executing VM operation: CGC_Operation done


Dynamic libraries:
0x00007ff6fcd10000 - 0x00007ff6fcd1a000 	G:\AS_2020.3.1.25_ITD\jre\bin\java.exe
0x00007ffaa0f10000 - 0x00007ffaa1105000 	C:\Windows\SYSTEM32\ntdll.dll
0x00007ffa9efa0000 - 0x00007ffa9f05d000 	C:\Windows\System32\KERNEL32.DLL
0x00007ffa9e7a0000 - 0x00007ffa9ea67000 	C:\Windows\System32\KERNELBASE.dll
0x00007ffa9e6a0000 - 0x00007ffa9e7a0000 	C:\Windows\System32\ucrtbase.dll
0x00007ffa97a60000 - 0x00007ffa97a79000 	G:\AS_2020.3.1.25_ITD\jre\bin\jli.dll
0x00007ffa915c0000 - 0x00007ffa915d7000 	G:\AS_2020.3.1.25_ITD\jre\bin\VCRUNTIME140.dll
0x00007ffaa0a90000 - 0x00007ffaa0c30000 	C:\Windows\System32\USER32.dll
0x00007ffa9ee90000 - 0x00007ffa9eeb2000 	C:\Windows\System32\win32u.dll
0x00007ffa972b0000 - 0x00007ffa9754b000 	C:\Windows\WinSxS\amd64_microsoft.windows.common-controls_6595b64144ccf1df_6.0.19041.488_none_ca04af081b815d21\COMCTL32.dll
0x00007ffaa0540000 - 0x00007ffaa056a000 	C:\Windows\System32\GDI32.dll
0x00007ffaa0570000 - 0x00007ffaa060e000 	C:\Windows\System32\msvcrt.dll
0x00007ffa9eaa0000 - 0x00007ffa9eba9000 	C:\Windows\System32\gdi32full.dll
0x00007ffa9ec90000 - 0x00007ffa9ed2d000 	C:\Windows\System32\msvcp_win.dll
0x00007ffa9ef70000 - 0x00007ffa9efa0000 	C:\Windows\System32\IMM32.DLL
0x00007ffa86b90000 - 0x00007ffa86c2d000 	G:\AS_2020.3.1.25_ITD\jre\bin\msvcp140.dll
0x00007ffa69980000 - 0x00007ffa6a44f000 	G:\AS_2020.3.1.25_ITD\jre\bin\server\jvm.dll
0x00007ffa9f540000 - 0x00007ffa9f5ea000 	C:\Windows\System32\ADVAPI32.dll
0x00007ffaa03b0000 - 0x00007ffaa044b000 	C:\Windows\System32\sechost.dll
0x00007ffaa0c90000 - 0x00007ffaa0db4000 	C:\Windows\System32\RPCRT4.dll
0x00007ffaa0530000 - 0x00007ffaa0538000 	C:\Windows\System32\PSAPI.DLL
0x00007ffa97570000 - 0x00007ffa97579000 	C:\Windows\SYSTEM32\WSOCK32.dll
0x00007ffa97590000 - 0x00007ffa975b7000 	C:\Windows\SYSTEM32\WINMM.dll
0x00007ffa97580000 - 0x00007ffa9758a000 	C:\Windows\SYSTEM32\VERSION.dll
0x00007ffaa04b0000 - 0x00007ffaa051b000 	C:\Windows\System32\WS2_32.dll
0x00007ffa9c7b0000 - 0x00007ffa9c7c3000 	C:\Windows\SYSTEM32\kernel.appcore.dll
0x00007ffa99340000 - 0x00007ffa99351000 	G:\AS_2020.3.1.25_ITD\jre\bin\verify.dll
0x00007ffa89b30000 - 0x00007ffa89d14000 	C:\Windows\SYSTEM32\DBGHELP.DLL
0x00007ffa89b00000 - 0x00007ffa89b2c000 	C:\Windows\SYSTEM32\dbgcore.DLL
0x00007ffa9ebb0000 - 0x00007ffa9ec2f000 	C:\Windows\System32\bcryptPrimitives.dll
0x00007ffa99310000 - 0x00007ffa99339000 	G:\AS_2020.3.1.25_ITD\jre\bin\java.dll
0x00007ffa99300000 - 0x00007ffa9930b000 	G:\AS_2020.3.1.25_ITD\jre\bin\jimage.dll
0x00007ffa987f0000 - 0x00007ffa98808000 	G:\AS_2020.3.1.25_ITD\jre\bin\zip.dll
0x00007ffa9fbb0000 - 0x00007ffaa02f1000 	C:\Windows\System32\SHELL32.dll
0x00007ffa9c7d0000 - 0x00007ffa9cf63000 	C:\Windows\SYSTEM32\windows.storage.dll
0x00007ffaa0610000 - 0x00007ffaa0965000 	C:\Windows\System32\combase.dll
0x00007ffa9e0c0000 - 0x00007ffa9e0ec000 	C:\Windows\SYSTEM32\Wldp.dll
0x00007ffaa0dc0000 - 0x00007ffaa0e6e000 	C:\Windows\System32\SHCORE.dll
0x00007ffaa0450000 - 0x00007ffaa04a5000 	C:\Windows\System32\shlwapi.dll
0x00007ffa9e580000 - 0x00007ffa9e5a6000 	C:\Windows\SYSTEM32\profapi.dll
0x00007ffa97170000 - 0x00007ffa9718a000 	G:\AS_2020.3.1.25_ITD\jre\bin\net.dll
0x00007ffa98120000 - 0x00007ffa98220000 	C:\Windows\SYSTEM32\WINHTTP.dll
0x00007ffa9de40000 - 0x00007ffa9deaa000 	C:\Windows\system32\mswsock.dll
0x00007ffa91b60000 - 0x00007ffa91b74000 	G:\AS_2020.3.1.25_ITD\jre\bin\nio.dll
0x00007ffa97a80000 - 0x00007ffa97aa7000 	G:\android_studio\gradle-5.5\native\e1d6ef7f7dcc3fd88c89a11ec53ec762bb8ba0a96d01ffa2cd45eb1d1d8dd5c5\windows-amd64\native-platform.dll
0x00007ffa831c0000 - 0x00007ffa83304000 	G:\android_studio\gradle-5.5\native\5664cfc778a61ccfe75a443a1ab52a65af34e5dc3c78e0209fed803814484fcb\windows-amd64\native-platform-file-events.dll
0x00007ffa99210000 - 0x00007ffa9921a000 	G:\AS_2020.3.1.25_ITD\jre\bin\management.dll
0x00007ffa98c40000 - 0x00007ffa98c4c000 	G:\AS_2020.3.1.25_ITD\jre\bin\management_ext.dll
0x00007ffa9e010000 - 0x00007ffa9e028000 	C:\Windows\SYSTEM32\CRYPTSP.dll
0x00007ffa9d760000 - 0x00007ffa9d794000 	C:\Windows\system32\rsaenh.dll
0x00007ffa9ea70000 - 0x00007ffa9ea97000 	C:\Windows\System32\bcrypt.dll
0x00007ffa9e540000 - 0x00007ffa9e56e000 	C:\Windows\SYSTEM32\USERENV.dll
0x00007ffa9e030000 - 0x00007ffa9e03c000 	C:\Windows\SYSTEM32\CRYPTBASE.dll
0x00007ffa9dae0000 - 0x00007ffa9db1b000 	C:\Windows\SYSTEM32\IPHLPAPI.DLL
0x00007ffaa0520000 - 0x00007ffaa0529000 	C:\Windows\System32\NSI.dll
0x00007ffa95240000 - 0x00007ffa95257000 	C:\Windows\SYSTEM32\dhcpcsvc6.DLL
0x00007ffa95220000 - 0x00007ffa9523d000 	C:\Windows\SYSTEM32\dhcpcsvc.DLL
0x00007ffa9db30000 - 0x00007ffa9dbfb000 	C:\Windows\SYSTEM32\DNSAPI.dll
0x00007ffa8db60000 - 0x00007ffa8db87000 	G:\AS_2020.3.1.25_ITD\jre\bin\sunec.dll
0x00007ffa91bf0000 - 0x00007ffa91bfa000 	C:\Windows\System32\rasadhlp.dll
0x00007ffa91cc0000 - 0x00007ffa91d3f000 	C:\Windows\System32\fwpuclnt.dll

dbghelp: loaded successfully - version: 4.0.5 - missing functions: none
symbol engine: initialized successfully - sym options: 0x614 - pdb path: .;G:\AS_2020.3.1.25_ITD\jre\bin;C:\Windows\SYSTEM32;C:\Windows\WinSxS\amd64_microsoft.windows.common-controls_6595b64144ccf1df_6.0.19041.488_none_ca04af081b815d21;G:\AS_2020.3.1.25_ITD\jre\bin\server;G:\android_studio\gradle-5.5\native\e1d6ef7f7dcc3fd88c89a11ec53ec762bb8ba0a96d01ffa2cd45eb1d1d8dd5c5\windows-amd64;G:\android_studio\gradle-5.5\native\5664cfc778a61ccfe75a443a1ab52a65af34e5dc3c78e0209fed803814484fcb\windows-amd64

VM Arguments:
jvm_args: --add-opens=java.base/java.util=ALL-UNNAMED --add-opens=java.base/java.lang=ALL-UNNAMED --add-opens=java.base/java.lang.invoke=ALL-UNNAMED --add-opens=java.base/java.util=ALL-UNNAMED --add-opens=java.prefs/java.util.prefs=ALL-UNNAMED --add-opens=java.prefs/java.util.prefs=ALL-UNNAMED --add-opens=java.base/java.nio.charset=ALL-UNNAMED --add-opens=java.base/java.net=ALL-UNNAMED --add-opens=java.base/java.util.concurrent.atomic=ALL-UNNAMED -Xmx2048m -Dfile.encoding=UTF-8 -Duser.country=US -Duser.language=en -Duser.variant 
java_command: org.gradle.launcher.daemon.bootstrap.GradleDaemon 7.3.2
java_class_path (initial): G:\android_studio\gradle-5.5\wrapper\dists\gradle-7.3.2-bin\4k4cn06q0rruwh9dpndf9gmi8\gradle-7.3.2\lib\gradle-launcher-7.3.2.jar
Launcher Type: SUN_STANDARD

[Global flags]
     intx CICompilerCount                          = 4                                         {product} {ergonomic}
     uint ConcGCThreads                            = 2                                         {product} {ergonomic}
     uint G1ConcRefinementThreads                  = 8                                         {product} {ergonomic}
   size_t G1HeapRegionSize                         = 1048576                                   {product} {ergonomic}
    uintx GCDrainStackTargetSize                   = 64                                        {product} {ergonomic}
   size_t InitialHeapSize                          = 134217728                                 {product} {ergonomic}
   size_t MarkStackSize                            = 4194304                                   {product} {ergonomic}
   size_t MaxHeapSize                              = 2147483648                                {product} {command line}
   size_t MaxNewSize                               = 1287651328                                {product} {ergonomic}
   size_t MinHeapDeltaBytes                        = 1048576                                   {product} {ergonomic}
    uintx NonNMethodCodeHeapSize                   = 5836300                                {pd product} {ergonomic}
    uintx NonProfiledCodeHeapSize                  = 122910970                              {pd product} {ergonomic}
    uintx ProfiledCodeHeapSize                     = 122910970                              {pd product} {ergonomic}
    uintx ReservedCodeCacheSize                    = 251658240                              {pd product} {ergonomic}
     bool SegmentedCodeCache                       = true                                      {product} {ergonomic}
     bool UseCompressedClassPointers               = true                                 {lp64_product} {ergonomic}
     bool UseCompressedOops                        = true                                 {lp64_product} {ergonomic}
     bool UseG1GC                                  = true                                      {product} {ergonomic}
     bool UseLargePagesIndividualAllocation        = false                                  {pd product} {ergonomic}

Logging:
Log output configuration:
 #0: stdout all=warning uptime,level,tags
 #1: stderr all=off uptime,level,tags

Environment Variables:
PATH=C:\Program Files (x86)\Common Files\Oracle\Java\javapath;G:\Java\jre6\bin;G:\nodejs_ITD\;G:\Yarn\bin\;C:\Program Files\Java\jre7\bin;G:\android_studio\flutter\bin;PowerShell.exe;C:\Program Files\Git\cmd;G:\TBuild\BuildPath\ThirdParty\Strawberry\c\bin;G:\TBuild\BuildPath\ThirdParty\Strawberry\perl\site\bin;G:\TBuild\BuildPath\ThirdParty\Strawberry\perl\bin;G:\TBuild\BuildPath\ThirdParty\Python39;G:\TBuild\BuildPath\ThirdParty\NuGet;G:\TBuild\BuildPath\ThirdParty\cmake\bin;G:\TBuild\BuildPath\ThirdParty\cmake\bin;"G:\TBuild\BuildPath\ThirdParty\cmake\bin;C:\Program Files (x86)\Common Files\Oracle\Java\javapath;G:\Java\jre6\bin;G:\nodejs_ITD\;G:\Yarn\bin\;C:\Program Files\Java\jre7\bin;G:\android_studio\flutter\bin;PowerShell.exe;C:\Program Files\Git\cmd;G:\TBuild\BuildPath\ThirdParty\Strawberry\c\bin;G:\TBuild\BuildPath\ThirdParty\Strawberry\perl\site\bin;G:\TBuild\BuildPath\ThirdParty\Strawberry\perl\bin;G:\TBuild\BuildPath\ThirdParty\Python39;G:\TBuild\BuildPath\ThirdParty\NuGet;G:\TBuild\BuildPath\ThirdParty\cmake\bin;G:\TBuild\BuildPath\ThirdParty\cmake\bin;"G:\TBuild\BuildPath\ThirdParty\cmake\bin;C:\Program Files (x86)\Common Files\Oracle\Java\javapath;G:\Java\jre6\bin;G:\nodejs_ITD\;G:\Yarn\bin\;C:\Program Files\Java\jre7\bin;G:\android_studio\flutter\bin;PowerShell.exe;C:\Program Files\Git\cmd;G:\TBuild\BuildPath\ThirdParty\Strawberry\c\bin;G:\TBuild\BuildPath\ThirdParty\Strawberry\perl\site\bin;G:\TBuild\BuildPath\ThirdParty\Strawberry\perl\bin;G:\TBuild\BuildPath\ThirdParty\Python39;G:\TBuild\BuildPath\ThirdParty\NuGet;G:\TBuild\BuildPath\ThirdParty\cmake\bin;G:\TBuild\BuildPath\ThirdParty\cmake\bin;"G:\TBuild\BuildPath\ThirdParty\cmake\bin;C:\Windows\System32";G:\Qt\qtcreator-6.0.0\bin;G:\TBuild\BuildPath\ThirdParty\Python39\Scripts;";G:\Qt\qtcreator-6.0.0\bin;G:\TBuild\BuildPath\ThirdParty\Python39\Scripts;";G:\Qt\qtcreator-6.0.0\bin;G:\TBuild\BuildPath\ThirdParty\Python39\Scripts;C:\Users\massad_win10\AppData\Roaming\npm;g:\PhpStorm 2021.3_ITD\bin;;C:\U
USERNAME=massad_win10
OS=Windows_NT
PROCESSOR_IDENTIFIER=Intel64 Family 6 Model 60 Stepping 3, GenuineIntel



---------------  S Y S T E M  ---------------

OS: Windows 10 , 64 bit Build 19041 (10.0.19041.292)
OS uptime: 7 days 10:08 hours

CPU:total 8 (initial active 8) (4 cores per cpu, 2 threads per core) family 6 model 60 stepping 3 microcode 0x27, cmov, cx8, fxsr, mmx, sse, sse2, sse3, ssse3, sse4.1, sse4.2, popcnt, avx, avx2, aes, clmul, erms, lzcnt, ht, tsc, tscinvbit, bmi1, bmi2, fma

Memory: 4k page, system-wide physical 8079M (2034M free)
TotalPageFile size 13410M (AvailPageFile size 4220M)
current process WorkingSet (physical memory assigned to process): 365M, peak: 365M
current process commit charge ("private bytes"): 401M, peak: 402M

vm_info: OpenJDK 64-Bit Server VM (11.0.10+0-b96-7249189) for windows-amd64 JRE (11.0.10+0-b96-7249189), built on Mar 31 2021 21:44:00 by "builder" with MS VC++ 14.0 (VS2015)

END.
